Arguments: 
  C:\Program Files\nodejs\node.exe C:\Users\Ronan\AppData\Roaming\npm\node_modules\yarn\bin\yarn.js add @pdf-lib/pdf-lib

PATH: 
  C:\Users\Ronan\bin;C:\Program Files\Git\mingw64\bin;C:\Program Files\Git\usr\local\bin;C:\Program Files\Git\usr\bin;C:\Program Files\Git\usr\bin;C:\Program Files\Git\mingw64\bin;C:\Program Files\Git\usr\bin;C:\Users\Ronan\bin;C:\Program Files\Common Files\Oracle\Java\javapath;C:\Program Files (x86)\Common Files\Oracle\Java\javapath;C:\Python310\Scripts;C:\Python310;C:\WINDOWS\system32;C:\WINDOWS;C:\WINDOWS\System32\Wbem;C:\WINDOWS\System32\WindowsPowerShell\v1.0;C:\WINDOWS\System32\OpenSSH;C:\Program Files\Git\cmd;C:\ProgramData\chocolatey\bin;C:\Program Files (x86)\NVIDIA Corporation\PhysX\Common;C:\Program Files\NVIDIA Corporation\NVIDIA NvDLISR;%NVM_HOME%;%NVM_SYMLINK%;C:\Program Files\Docker\Docker\resources\bin;C:\WINDOWS\system32;C:\WINDOWS;C:\WINDOWS\System32\Wbem;C:\WINDOWS\System32\WindowsPowerShell\v1.0;C:\WINDOWS\System32\OpenSSH;C:\Program Files\PuTTY;C:\Program Files\Amazon\AWSCLIV2;C:\Ruby31-x64\bin;C:\Users\Ronan\scoop\shims;C:\Users\Ronan\AppData\Local\Microsoft\WindowsApps;C:\Users\Ronan\AppData\Roaming\npm;C:\Users\Ronan\AppData\Local\Programs\Microsoft VS Code\bin;C:\Users\Ronan\AppData\Local\GitHubDesktop\bin;C:\Users\Ronan\AppData\Local\Yarn\bin;C:\Users\Ronan\AppData\Roaming\nvm;C:\Program Files\nodejs;C:\Users\Ronan\AppData\Local\Microsoft\WindowsApps;C:\Program Files (x86)\BrowserStackLocal;C:\Program Files\Git\usr\bin\vendor_perl;C:\Program Files\Git\usr\bin\core_perl

Yarn version: 
  1.22.18

Node version: 
  16.15.1

Platform: 
  win32 x64

Trace: 
  Error: https://registry.yarnpkg.com/@pdf-lib%2fpdf-lib: Not found
      at Request.params.callback [as _callback] (C:\Users\Ronan\AppData\Roaming\npm\node_modules\yarn\lib\cli.js:66138:18)
      at Request.self.callback (C:\Users\Ronan\AppData\Roaming\npm\node_modules\yarn\lib\cli.js:140883:22)
      at Request.emit (node:events:527:28)
      at Request.<anonymous> (C:\Users\Ronan\AppData\Roaming\npm\node_modules\yarn\lib\cli.js:141855:10)
      at Request.emit (node:events:527:28)
      at IncomingMessage.<anonymous> (C:\Users\Ronan\AppData\Roaming\npm\node_modules\yarn\lib\cli.js:141777:12)
      at Object.onceWrapper (node:events:641:28)
      at IncomingMessage.emit (node:events:539:35)
      at endReadableNT (node:internal/streams/readable:1345:12)
      at processTicksAndRejections (node:internal/process/task_queues:83:21)

npm manifest: 
  {
    "name": "dowloadsdevideo",
    "version": "1.0.0",
    "description": "",
    "main": "downloadServiceFromJson.js",
    "scripts": {
      "test": "echo \"Error: no test specified\" && exit 1"
    },
    "keywords": [],
    "author": "",
    "license": "ISC",
    "dependencies": {
      "axios": "^1.6.5",
      "cheerio": "^1.0.0-rc.12",
      "cli-progress": "^3.12.0",
      "exceljs": "^4.4.0",
      "fs": "^0.0.1-security",
      "glob": "^10.3.10",
      "path": "^0.12.7",
      "puppeteer": "^21.10.0",
      "readline-sync": "^1.4.10",
      "xlsx": "^0.18.5",
      "ytdl-core": "^4.11.5"
    }
  }

yarn manifest: 
  No manifest

Lockfile: 
  # THIS IS AN AUTOGENERATED FILE. DO NOT EDIT THIS FILE DIRECTLY.
  # yarn lockfile v1
  
  
  "@babel/code-frame@^7.0.0":
    version "7.23.5"
    resolved "https://registry.npmjs.org/@babel/code-frame/-/code-frame-7.23.5.tgz"
    integrity sha512-CgH3s1a96LipHCmSUmYFPwY7MNx8C3avkq7i4Wl3cfa662ldtUe4VM1TPXX70pfmrlWTb6jLqTYrZyT2ZTJBgA==
    dependencies:
      "@babel/highlight" "^7.23.4"
      chalk "^2.4.2"
  
  "@babel/helper-validator-identifier@^7.22.20":
    version "7.22.20"
    resolved "https://registry.npmjs.org/@babel/helper-validator-identifier/-/helper-validator-identifier-7.22.20.tgz"
    integrity sha512-Y4OZ+ytlatR8AI+8KZfKuL5urKp7qey08ha31L8b3BwewJAoJamTzyvxPR/5D+KkdJCGPq/+8TukHBlY10FX9A==
  
  "@babel/highlight@^7.23.4":
    version "7.23.4"
    resolved "https://registry.npmjs.org/@babel/highlight/-/highlight-7.23.4.tgz"
    integrity sha512-acGdbYSfp2WheJoJm/EBBBLh/ID8KDc64ISZ9DYtBmC8/Q204PZJLHyzeB5qMzJ5trcOkybd78M4x2KWsUq++A==
    dependencies:
      "@babel/helper-validator-identifier" "^7.22.20"
      chalk "^2.4.2"
      js-tokens "^4.0.0"
  
  "@fast-csv/format@4.3.5":
    version "4.3.5"
    resolved "https://registry.npmjs.org/@fast-csv/format/-/format-4.3.5.tgz"
    integrity sha512-8iRn6QF3I8Ak78lNAa+Gdl5MJJBM5vRHivFtMRUWINdevNo00K7OXxS2PshawLKTejVwieIlPmK5YlLu6w4u8A==
    dependencies:
      "@types/node" "^14.0.1"
      lodash.escaperegexp "^4.1.2"
      lodash.isboolean "^3.0.3"
      lodash.isequal "^4.5.0"
      lodash.isfunction "^3.0.9"
      lodash.isnil "^4.0.0"
  
  "@fast-csv/parse@4.3.6":
    version "4.3.6"
    resolved "https://registry.npmjs.org/@fast-csv/parse/-/parse-4.3.6.tgz"
    integrity sha512-uRsLYksqpbDmWaSmzvJcuApSEe38+6NQZBUsuAyMZKqHxH0g1wcJgsKUvN3WC8tewaqFjBMMGrkHmC+T7k8LvA==
    dependencies:
      "@types/node" "^14.0.1"
      lodash.escaperegexp "^4.1.2"
      lodash.groupby "^4.6.0"
      lodash.isfunction "^3.0.9"
      lodash.isnil "^4.0.0"
      lodash.isundefined "^3.0.1"
      lodash.uniq "^4.5.0"
  
  "@isaacs/cliui@^8.0.2":
    version "8.0.2"
    resolved "https://registry.npmjs.org/@isaacs/cliui/-/cliui-8.0.2.tgz"
    integrity sha512-O8jcjabXaleOG9DQ0+ARXWZBTfnP4WNAqzuiJK7ll44AmxGKv/J2M4TPjxjY3znBCfvBXFzucm1twdyFybFqEA==
    dependencies:
      string-width "^5.1.2"
      string-width-cjs "npm:string-width@^4.2.0"
      strip-ansi "^7.0.1"
      strip-ansi-cjs "npm:strip-ansi@^6.0.1"
      wrap-ansi "^8.1.0"
      wrap-ansi-cjs "npm:wrap-ansi@^7.0.0"
  
  "@pkgjs/parseargs@^0.11.0":
    version "0.11.0"
    resolved "https://registry.npmjs.org/@pkgjs/parseargs/-/parseargs-0.11.0.tgz"
    integrity sha512-+1VkjdD0QBLPodGrJUeqarH8VAIvQODIbwh9XpP5Syisf7YoQgsJKPNFoqqLQlu+VQ/tVSshMR6loPMn8U+dPg==
  
  "@puppeteer/browsers@1.9.1":
    version "1.9.1"
    resolved "https://registry.npmjs.org/@puppeteer/browsers/-/browsers-1.9.1.tgz"
    integrity sha512-PuvK6xZzGhKPvlx3fpfdM2kYY3P/hB1URtK8wA7XUJ6prn6pp22zvJHu48th0SGcHL9SutbPHrFuQgfXTFobWA==
    dependencies:
      debug "4.3.4"
      extract-zip "2.0.1"
      progress "2.0.3"
      proxy-agent "6.3.1"
      tar-fs "3.0.4"
      unbzip2-stream "1.4.3"
      yargs "17.7.2"
  
  "@tootallnate/quickjs-emscripten@^0.23.0":
    version "0.23.0"
    resolved "https://registry.npmjs.org/@tootallnate/quickjs-emscripten/-/quickjs-emscripten-0.23.0.tgz"
    integrity sha512-C5Mc6rdnsaJDjO3UpGW/CQTHtCKaYlScZTly4JIu97Jxo/odCiH0ITnDXSJPTOrEKk/ycSZ0AOgTmkDtkOsvIA==
  
  "@types/node@*", "@types/node@^14.0.1":
    version "14.18.63"
    resolved "https://registry.npmjs.org/@types/node/-/node-14.18.63.tgz"
    integrity sha512-fAtCfv4jJg+ExtXhvCkCqUKZ+4ok/JQk01qDKhL5BDDoS3AxKXhV5/MAVUZyQnSEd2GT92fkgZl0pz0Q0AzcIQ==
  
  "@types/yauzl@^2.9.1":
    version "2.10.3"
    resolved "https://registry.npmjs.org/@types/yauzl/-/yauzl-2.10.3.tgz"
    integrity sha512-oJoftv0LSuaDZE3Le4DbKX+KS9G36NzOeSap90UIK0yMA/NhKJhqlSGtNDORNRaIbQfzjXDrQa0ytJ6mNRGz/Q==
    dependencies:
      "@types/node" "*"
  
  adler-32@~1.3.0:
    version "1.3.1"
    resolved "https://registry.npmjs.org/adler-32/-/adler-32-1.3.1.tgz"
    integrity sha512-ynZ4w/nUUv5rrsR8UUGoe1VC9hZj6V5hU9Qw1HlMDJGEJw5S7TfTErWTjMys6M7vr0YWcPqs3qAr4ss0nDfP+A==
  
  agent-base@^7.0.2, agent-base@^7.1.0:
    version "7.1.0"
    resolved "https://registry.npmjs.org/agent-base/-/agent-base-7.1.0.tgz"
    integrity sha512-o/zjMZRhJxny7OyEF+Op8X+efiELC7k7yOjMzgfzVqOzXqkBkWI79YoTdOtsuWd5BWhAGAuOY/Xa6xpiaWXiNg==
    dependencies:
      debug "^4.3.4"
  
  ansi-regex@^5.0.1:
    version "5.0.1"
    resolved "https://registry.npmjs.org/ansi-regex/-/ansi-regex-5.0.1.tgz"
    integrity sha512-quJQXlTSUGL2LH9SUXo8VwsY4soanhgo6LNSm84E1LBcE8s3O0wpdiRzyR9z/ZZJMlMWv37qOOb9pdJlMUEKFQ==
  
  ansi-regex@^6.0.1:
    version "6.0.1"
    resolved "https://registry.npmjs.org/ansi-regex/-/ansi-regex-6.0.1.tgz"
    integrity sha512-n5M855fKb2SsfMIiFFoVrABHJC8QtHwVx+mHWP3QcEqBHYienj5dHSgjbxtC0WEZXYt4wcD6zrQElDPhFuZgfA==
  
  ansi-styles@^3.2.1:
    version "3.2.1"
    resolved "https://registry.npmjs.org/ansi-styles/-/ansi-styles-3.2.1.tgz"
    integrity sha512-VT0ZI6kZRdTh8YyJw3SMbYm/u+NqfsAxEpWO0Pf9sq8/e94WxxOpPKx9FR1FlyCtOVDNOQ+8ntlqFxiRc+r5qA==
    dependencies:
      color-convert "^1.9.0"
  
  ansi-styles@^4.0.0:
    version "4.3.0"
    resolved "https://registry.npmjs.org/ansi-styles/-/ansi-styles-4.3.0.tgz"
    integrity sha512-zbB9rCJAT1rbjiVDb2hqKFHNYLxgtk8NURxZ3IZwD3F6NtxbXZQCnnSi1Lkx+IDohdPlFp222wVALIheZJQSEg==
    dependencies:
      color-convert "^2.0.1"
  
  ansi-styles@^6.1.0:
    version "6.2.1"
    resolved "https://registry.npmjs.org/ansi-styles/-/ansi-styles-6.2.1.tgz"
    integrity sha512-bN798gFfQX+viw3R7yrGWRqnrN2oRkEkUjjl4JNn4E8GxxbjtG3FbrEIIY3l8/hrwUwIeCZvi4QuOTP4MErVug==
  
  archiver-utils@^2.1.0:
    version "2.1.0"
    resolved "https://registry.npmjs.org/archiver-utils/-/archiver-utils-2.1.0.tgz"
    integrity sha512-bEL/yUb/fNNiNTuUz979Z0Yg5L+LzLxGJz8x79lYmR54fmTIb6ob/hNQgkQnIUDWIFjZVQwl9Xs356I6BAMHfw==
    dependencies:
      glob "^7.1.4"
      graceful-fs "^4.2.0"
      lazystream "^1.0.0"
      lodash.defaults "^4.2.0"
      lodash.difference "^4.5.0"
      lodash.flatten "^4.4.0"
      lodash.isplainobject "^4.0.6"
      lodash.union "^4.6.0"
      normalize-path "^3.0.0"
      readable-stream "^2.0.0"
  
  archiver-utils@^3.0.4:
    version "3.0.4"
    resolved "https://registry.npmjs.org/archiver-utils/-/archiver-utils-3.0.4.tgz"
    integrity sha512-KVgf4XQVrTjhyWmx6cte4RxonPLR9onExufI1jhvw/MQ4BB6IsZD5gT8Lq+u/+pRkWna/6JoHpiQioaqFP5Rzw==
    dependencies:
      glob "^7.2.3"
      graceful-fs "^4.2.0"
      lazystream "^1.0.0"
      lodash.defaults "^4.2.0"
      lodash.difference "^4.5.0"
      lodash.flatten "^4.4.0"
      lodash.isplainobject "^4.0.6"
      lodash.union "^4.6.0"
      normalize-path "^3.0.0"
      readable-stream "^3.6.0"
  
  archiver@^5.0.0:
    version "5.3.2"
    resolved "https://registry.npmjs.org/archiver/-/archiver-5.3.2.tgz"
    integrity sha512-+25nxyyznAXF7Nef3y0EbBeqmGZgeN/BxHX29Rs39djAfaFalmQ89SE6CWyDCHzGL0yt/ycBtNOmGTW0FyGWNw==
    dependencies:
      archiver-utils "^2.1.0"
      async "^3.2.4"
      buffer-crc32 "^0.2.1"
      readable-stream "^3.6.0"
      readdir-glob "^1.1.2"
      tar-stream "^2.2.0"
      zip-stream "^4.1.0"
  
  argparse@^2.0.1:
    version "2.0.1"
    resolved "https://registry.npmjs.org/argparse/-/argparse-2.0.1.tgz"
    integrity sha512-8+9WqebbFzpX9OR+Wa6O29asIogeRMzcGtAINdpMHHyAg10f05aSFVBbcEqGf/PXw1EjAZ+q2/bEBg3DvurK3Q==
  
  ast-types@^0.13.4:
    version "0.13.4"
    resolved "https://registry.npmjs.org/ast-types/-/ast-types-0.13.4.tgz"
    integrity sha512-x1FCFnFifvYDDzTaLII71vG5uvDwgtmDTEVWAxrgeiR8VjMONcCXJx7E+USjDtHlwFmt9MysbqgF9b9Vjr6w+w==
    dependencies:
      tslib "^2.0.1"
  
  async@^3.2.4:
    version "3.2.5"
    resolved "https://registry.npmjs.org/async/-/async-3.2.5.tgz"
    integrity sha512-baNZyqaaLhyLVKm/DlvdW051MSgO6b8eVfIezl9E5PqWxFgzLm/wQntEW4zOytVburDEr0JlALEpdOFwvErLsg==
  
  asynckit@^0.4.0:
    version "0.4.0"
    resolved "https://registry.npmjs.org/asynckit/-/asynckit-0.4.0.tgz"
    integrity sha512-Oei9OH4tRh0YqU3GxhX79dM/mwVgvbZJaSNaRk+bshkj0S5cfHcgYakreBjrHwatXKbz+IoIdYLxrKim2MjW0Q==
  
  axios@^1.6.5:
    version "1.6.5"
    resolved "https://registry.npmjs.org/axios/-/axios-1.6.5.tgz"
    integrity sha512-Ii012v05KEVuUoFWmMW/UQv9aRIc3ZwkWDcM+h5Il8izZCtRVpDUfwpoFf7eOtajT3QiGR4yDUx7lPqHJULgbg==
    dependencies:
      follow-redirects "^1.15.4"
      form-data "^4.0.0"
      proxy-from-env "^1.1.0"
  
  b4a@^1.6.4:
    version "1.6.6"
    resolved "https://registry.npmjs.org/b4a/-/b4a-1.6.6.tgz"
    integrity sha512-5Tk1HLk6b6ctmjIkAcU/Ujv/1WqiDl0F0JdRCR80VsOcUlHcu7pWeWRlOqQLHfDEsVx9YH/aif5AG4ehoCtTmg==
  
  balanced-match@^1.0.0:
    version "1.0.2"
    resolved "https://registry.npmjs.org/balanced-match/-/balanced-match-1.0.2.tgz"
    integrity sha512-3oSeUO0TMV67hN1AmbXsK4yaqU7tjiHlbxRDZOpH0KW9+CeX4bRAaX0Anxt0tx2MrpRpWwQaPwIlISEJhYU5Pw==
  
  bare-events@^2.2.0:
    version "2.2.1"
    resolved "https://registry.npmjs.org/bare-events/-/bare-events-2.2.1.tgz"
    integrity sha512-9GYPpsPFvrWBkelIhOhTWtkeZxVxZOdb3VnFTCzlOo3OjvmTvzLoZFUT8kNFACx0vJej6QPney1Cf9BvzCNE/A==
  
  base64-js@^1.3.1:
    version "1.5.1"
    resolved "https://registry.npmjs.org/base64-js/-/base64-js-1.5.1.tgz"
    integrity sha512-AKpaYlHn8t4SVbOHCy+b5+KKgvR4vrsD8vbvrbiQJps7fKDTkjkDry6ji0rUJjC0kzbNePLwzxq8iypo41qeWA==
  
  basic-ftp@^5.0.2:
    version "5.0.5"
    resolved "https://registry.npmjs.org/basic-ftp/-/basic-ftp-5.0.5.tgz"
    integrity sha512-4Bcg1P8xhUuqcii/S0Z9wiHIrQVPMermM1any+MX5GeGD7faD3/msQUDGLol9wOcz4/jbg/WJnGqoJF6LiBdtg==
  
  big-integer@^1.6.17:
    version "1.6.52"
    resolved "https://registry.npmjs.org/big-integer/-/big-integer-1.6.52.tgz"
    integrity sha512-QxD8cf2eVqJOOz63z6JIN9BzvVs/dlySa5HGSBH5xtR8dPteIRQnBxxKqkNTiT6jbDTF6jAfrd4oMcND9RGbQg==
  
  binary@~0.3.0:
    version "0.3.0"
    resolved "https://registry.npmjs.org/binary/-/binary-0.3.0.tgz"
    integrity sha512-D4H1y5KYwpJgK8wk1Cue5LLPgmwHKYSChkbspQg5JtVuR5ulGckxfR62H3AE9UDkdMC8yyXlqYihuz3Aqg2XZg==
    dependencies:
      buffers "~0.1.1"
      chainsaw "~0.1.0"
  
  bl@^4.0.3:
    version "4.1.0"
    resolved "https://registry.npmjs.org/bl/-/bl-4.1.0.tgz"
    integrity sha512-1W07cM9gS6DcLperZfFSj+bWLtaPGSOHWhPiGzXmvVJbRLdG82sH/Kn8EtW1VqWVA54AKf2h5k5BbnIbwF3h6w==
    dependencies:
      buffer "^5.5.0"
      inherits "^2.0.4"
      readable-stream "^3.4.0"
  
  bluebird@~3.4.1:
    version "3.4.7"
    resolved "https://registry.npmjs.org/bluebird/-/bluebird-3.4.7.tgz"
    integrity sha512-iD3898SR7sWVRHbiQv+sHUtHnMvC1o3nW5rAcqnq3uOn07DSAppZYUkIGslDz6gXC7HfunPe7YVBgoEJASPcHA==
  
  boolbase@^1.0.0:
    version "1.0.0"
    resolved "https://registry.npmjs.org/boolbase/-/boolbase-1.0.0.tgz"
    integrity sha512-JZOSA7Mo9sNGB8+UjSgzdLtokWAky1zbztM3WRLCbZ70/3cTANmQmOdR7y2g+J0e2WXywy1yS468tY+IruqEww==
  
  brace-expansion@^1.1.7:
    version "1.1.11"
    resolved "https://registry.npmjs.org/brace-expansion/-/brace-expansion-1.1.11.tgz"
    integrity sha512-iCuPHDFgrHX7H2vEI/5xpz07zSHB00TpugqhmYtVmMO6518mCuRMoOYFldEBl0g187ufozdaHgWKcYFb61qGiA==
    dependencies:
      balanced-match "^1.0.0"
      concat-map "0.0.1"
  
  brace-expansion@^2.0.1:
    version "2.0.1"
    resolved "https://registry.npmjs.org/brace-expansion/-/brace-expansion-2.0.1.tgz"
    integrity sha512-XnAIvQ8eM+kC6aULx6wuQiwVsnzsi9d3WxzV3FpWTGA19F621kwdbsAcFKXgKUHZWsy+mY6iL1sHTxWEFCytDA==
    dependencies:
      balanced-match "^1.0.0"
  
  buffer-crc32@^0.2.1, buffer-crc32@^0.2.13, buffer-crc32@~0.2.3:
    version "0.2.13"
    resolved "https://registry.npmjs.org/buffer-crc32/-/buffer-crc32-0.2.13.tgz"
    integrity sha512-VO9Ht/+p3SN7SKWqcrgEzjGbRSJYTx+Q1pTQC0wrWqHx0vpJraQ6GtHx8tvcg1rlK1byhU5gccxgOgj7B0TDkQ==
  
  buffer-indexof-polyfill@~1.0.0:
    version "1.0.2"
    resolved "https://registry.npmjs.org/buffer-indexof-polyfill/-/buffer-indexof-polyfill-1.0.2.tgz"
    integrity sha512-I7wzHwA3t1/lwXQh+A5PbNvJxgfo5r3xulgpYDB5zckTu/Z9oUK9biouBKQUjEqzaz3HnAT6TYoovmE+GqSf7A==
  
  buffer@^5.2.1, buffer@^5.5.0:
    version "5.7.1"
    resolved "https://registry.npmjs.org/buffer/-/buffer-5.7.1.tgz"
    integrity sha512-EHcyIPBQ4BSGlvjB16k5KgAJ27CIsHY/2JBmCRReo48y9rQ3MaUzWX3KVlBa4U7MyX02HdVj0K7C3WaB3ju7FQ==
    dependencies:
      base64-js "^1.3.1"
      ieee754 "^1.1.13"
  
  buffers@~0.1.1:
    version "0.1.1"
    resolved "https://registry.npmjs.org/buffers/-/buffers-0.1.1.tgz"
    integrity sha512-9q/rDEGSb/Qsvv2qvzIzdluL5k7AaJOTrw23z9reQthrbF7is4CtlT0DXyO1oei2DCp4uojjzQ7igaSHp1kAEQ==
  
  callsites@^3.0.0:
    version "3.1.0"
    resolved "https://registry.npmjs.org/callsites/-/callsites-3.1.0.tgz"
    integrity sha512-P8BjAsXvZS+VIDUI11hHCQEv74YT67YUi5JJFNWIqL235sBmjX4+qx9Muvls5ivyNENctx46xQLQ3aTuE7ssaQ==
  
  cfb@~1.2.1:
    version "1.2.2"
    resolved "https://registry.npmjs.org/cfb/-/cfb-1.2.2.tgz"
    integrity sha512-KfdUZsSOw19/ObEWasvBP/Ac4reZvAGauZhs6S/gqNhXhI7cKwvlH7ulj+dOEYnca4bm4SGo8C1bTAQvnTjgQA==
    dependencies:
      adler-32 "~1.3.0"
      crc-32 "~1.2.0"
  
  chainsaw@~0.1.0:
    version "0.1.0"
    resolved "https://registry.npmjs.org/chainsaw/-/chainsaw-0.1.0.tgz"
    integrity sha512-75kWfWt6MEKNC8xYXIdRpDehRYY/tNSgwKaJq+dbbDcxORuVrrQ+SEHoWsniVn9XPYfP4gmdWIeDk/4YNp1rNQ==
    dependencies:
      traverse ">=0.3.0 <0.4"
  
  chalk@^2.4.2:
    version "2.4.2"
    resolved "https://registry.npmjs.org/chalk/-/chalk-2.4.2.tgz"
    integrity sha512-Mti+f9lpJNcwF4tWV8/OrTTtF1gZi+f8FqlyAdouralcFWFQWF2+NgCHShjkCb+IFBLq9buZwE1xckQU4peSuQ==
    dependencies:
      ansi-styles "^3.2.1"
      escape-string-regexp "^1.0.5"
      supports-color "^5.3.0"
  
  cheerio-select@^2.1.0:
    version "2.1.0"
    resolved "https://registry.npmjs.org/cheerio-select/-/cheerio-select-2.1.0.tgz"
    integrity sha512-9v9kG0LvzrlcungtnJtpGNxY+fzECQKhK4EGJX2vByejiMX84MFNQw4UxPJl3bFbTMw+Dfs37XaIkCwTZfLh4g==
    dependencies:
      boolbase "^1.0.0"
      css-select "^5.1.0"
      css-what "^6.1.0"
      domelementtype "^2.3.0"
      domhandler "^5.0.3"
      domutils "^3.0.1"
  
  cheerio@^1.0.0-rc.12:
    version "1.0.0-rc.12"
    resolved "https://registry.npmjs.org/cheerio/-/cheerio-1.0.0-rc.12.tgz"
    integrity sha512-VqR8m68vM46BNnuZ5NtnGBKIE/DfN0cRIzg9n40EIq9NOv90ayxLBXA8fXC5gquFRGJSTRqBq25Jt2ECLR431Q==
    dependencies:
      cheerio-select "^2.1.0"
      dom-serializer "^2.0.0"
      domhandler "^5.0.3"
      domutils "^3.0.1"
      htmlparser2 "^8.0.1"
      parse5 "^7.0.0"
      parse5-htmlparser2-tree-adapter "^7.0.0"
  
  chromium-bidi@0.5.8:
    version "0.5.8"
    resolved "https://registry.npmjs.org/chromium-bidi/-/chromium-bidi-0.5.8.tgz"
    integrity sha512-blqh+1cEQbHBKmok3rVJkBlBxt9beKBgOsxbFgs7UJcoVbbeZ+K7+6liAsjgpc8l1Xd55cQUy14fXZdGSb4zIw==
    dependencies:
      mitt "3.0.1"
      urlpattern-polyfill "10.0.0"
  
  cli-progress@^3.12.0:
    version "3.12.0"
    resolved "https://registry.yarnpkg.com/cli-progress/-/cli-progress-3.12.0.tgz#807ee14b66bcc086258e444ad0f19e7d42577942"
    integrity sha512-tRkV3HJ1ASwm19THiiLIXLO7Im7wlTuKnvkYaTkyoAPefqjNg7W7DHKUlGRxy9vxDvbyCYQkQozvptuMkGCg8A==
    dependencies:
      string-width "^4.2.3"
  
  cliui@^8.0.1:
    version "8.0.1"
    resolved "https://registry.npmjs.org/cliui/-/cliui-8.0.1.tgz"
    integrity sha512-BSeNnyus75C4//NQ9gQt1/csTXyo/8Sb+afLAkzAptFuMsod9HFokGNudZpi/oQV73hnVK+sR+5PVRMd+Dr7YQ==
    dependencies:
      string-width "^4.2.0"
      strip-ansi "^6.0.1"
      wrap-ansi "^7.0.0"
  
  codepage@~1.15.0:
    version "1.15.0"
    resolved "https://registry.npmjs.org/codepage/-/codepage-1.15.0.tgz"
    integrity sha512-3g6NUTPd/YtuuGrhMnOMRjFc+LJw/bnMp3+0r/Wcz3IXUuCosKRJvMphm5+Q+bvTVGcJJuRvVLuYba+WojaFaA==
  
  color-convert@^1.9.0:
    version "1.9.3"
    resolved "https://registry.npmjs.org/color-convert/-/color-convert-1.9.3.tgz"
    integrity sha512-QfAUtd+vFdAtFQcC8CCyYt1fYWxSqAiK2cSD6zDB8N3cpsEBAvRxp9zOGg6G/SHHJYAT88/az/IuDGALsNVbGg==
    dependencies:
      color-name "1.1.3"
  
  color-convert@^2.0.1:
    version "2.0.1"
    resolved "https://registry.npmjs.org/color-convert/-/color-convert-2.0.1.tgz"
    integrity sha512-RRECPsj7iu/xb5oKYcsFHSppFNnsj/52OVTRKb4zP5onXwVF3zVmmToNcOfGC+CRDpfK/U584fMg38ZHCaElKQ==
    dependencies:
      color-name "~1.1.4"
  
  color-name@1.1.3:
    version "1.1.3"
    resolved "https://registry.npmjs.org/color-name/-/color-name-1.1.3.tgz"
    integrity sha512-72fSenhMw2HZMTVHeCA9KCmpEIbzWiQsjN+BHcBbS9vr1mtt+vJjPdksIBNUmKAW8TFUDPJK5SUU3QhE9NEXDw==
  
  color-name@~1.1.4:
    version "1.1.4"
    resolved "https://registry.npmjs.org/color-name/-/color-name-1.1.4.tgz"
    integrity sha512-dOy+3AuW3a2wNbZHIuMZpTcgjGuLU/uBL/ubcZF9OXbDo8ff4O8yVp5Bf0efS8uEoYo5q4Fx7dY9OgQGXgAsQA==
  
  combined-stream@^1.0.8:
    version "1.0.8"
    resolved "https://registry.npmjs.org/combined-stream/-/combined-stream-1.0.8.tgz"
    integrity sha512-FQN4MRfuJeHf7cBbBMJFXhKSDq+2kAArBlmRBvcvFE5BB1HZKXtSFASDhdlz9zOYwxh8lDdnvmMOe/+5cdoEdg==
    dependencies:
      delayed-stream "~1.0.0"
  
  compress-commons@^4.1.2:
    version "4.1.2"
    resolved "https://registry.npmjs.org/compress-commons/-/compress-commons-4.1.2.tgz"
    integrity sha512-D3uMHtGc/fcO1Gt1/L7i1e33VOvD4A9hfQLP+6ewd+BvG/gQ84Yh4oftEhAdjSMgBgwGL+jsppT7JYNpo6MHHg==
    dependencies:
      buffer-crc32 "^0.2.13"
      crc32-stream "^4.0.2"
      normalize-path "^3.0.0"
      readable-stream "^3.6.0"
  
  concat-map@0.0.1:
    version "0.0.1"
    resolved "https://registry.npmjs.org/concat-map/-/concat-map-0.0.1.tgz"
    integrity sha512-/Srv4dswyQNBfohGpz9o6Yb3Gz3SrUDqBH5rTuhGR7ahtlbYKnVxw2bCFMRljaA7EXHaXZ8wsHdodFvbkhKmqg==
  
  core-util-is@~1.0.0:
    version "1.0.3"
    resolved "https://registry.npmjs.org/core-util-is/-/core-util-is-1.0.3.tgz"
    integrity sha512-ZQBvi1DcpJ4GDqanjucZ2Hj3wEO5pZDS89BWbkcrvdxksJorwUDDZamX9ldFkp9aw2lmBDLgkObEA4DWNJ9FYQ==
  
  cosmiconfig@9.0.0:
    version "9.0.0"
    resolved "https://registry.npmjs.org/cosmiconfig/-/cosmiconfig-9.0.0.tgz"
    integrity sha512-itvL5h8RETACmOTFc4UfIyB2RfEHi71Ax6E/PivVxq9NseKbOWpeyHEOIbmAw1rs8Ak0VursQNww7lf7YtUwzg==
    dependencies:
      env-paths "^2.2.1"
      import-fresh "^3.3.0"
      js-yaml "^4.1.0"
      parse-json "^5.2.0"
  
  crc-32@^1.2.0, crc-32@~1.2.0, crc-32@~1.2.1:
    version "1.2.2"
    resolved "https://registry.npmjs.org/crc-32/-/crc-32-1.2.2.tgz"
    integrity sha512-ROmzCKrTnOwybPcJApAA6WBWij23HVfGVNKqqrZpuyZOHqK2CwHSvpGuyt/UNNvaIjEd8X5IFGp4Mh+Ie1IHJQ==
  
  crc32-stream@^4.0.2:
    version "4.0.3"
    resolved "https://registry.npmjs.org/crc32-stream/-/crc32-stream-4.0.3.tgz"
    integrity sha512-NT7w2JVU7DFroFdYkeq8cywxrgjPHWkdX1wjpRQXPX5Asews3tA+Ght6lddQO5Mkumffp3X7GEqku3epj2toIw==
    dependencies:
      crc-32 "^1.2.0"
      readable-stream "^3.4.0"
  
  cross-fetch@4.0.0:
    version "4.0.0"
    resolved "https://registry.npmjs.org/cross-fetch/-/cross-fetch-4.0.0.tgz"
    integrity sha512-e4a5N8lVvuLgAWgnCrLr2PP0YyDOTHa9H/Rj54dirp61qXnNq46m82bRhNqIA5VccJtWBvPTFRV3TtvHUKPB1g==
    dependencies:
      node-fetch "^2.6.12"
  
  cross-spawn@^7.0.0:
    version "7.0.3"
    resolved "https://registry.npmjs.org/cross-spawn/-/cross-spawn-7.0.3.tgz"
    integrity sha512-iRDPJKUPVEND7dHPO8rkbOnPpyDygcDFtWjpeWNCgy8WP2rXcxXL8TskReQl6OrB2G7+UJrags1q15Fudc7G6w==
    dependencies:
      path-key "^3.1.0"
      shebang-command "^2.0.0"
      which "^2.0.1"
  
  css-select@^5.1.0:
    version "5.1.0"
    resolved "https://registry.npmjs.org/css-select/-/css-select-5.1.0.tgz"
    integrity sha512-nwoRF1rvRRnnCqqY7updORDsuqKzqYJ28+oSMaJMMgOauh3fvwHqMS7EZpIPqK8GL+g9mKxF1vP/ZjSeNjEVHg==
    dependencies:
      boolbase "^1.0.0"
      css-what "^6.1.0"
      domhandler "^5.0.2"
      domutils "^3.0.1"
      nth-check "^2.0.1"
  
  css-what@^6.1.0:
    version "6.1.0"
    resolved "https://registry.npmjs.org/css-what/-/css-what-6.1.0.tgz"
    integrity sha512-HTUrgRJ7r4dsZKU6GjmpfRK1O76h97Z8MfS1G0FozR+oF2kG6Vfe8JE6zwrkbxigziPHinCJ+gCPjA9EaBDtRw==
  
  data-uri-to-buffer@^6.0.2:
    version "6.0.2"
    resolved "https://registry.npmjs.org/data-uri-to-buffer/-/data-uri-to-buffer-6.0.2.tgz"
    integrity sha512-7hvf7/GW8e86rW0ptuwS3OcBGDjIi6SZva7hCyWC0yYry2cOPmLIjXAUHI6DK2HsnwJd9ifmt57i8eV2n4YNpw==
  
  dayjs@^1.8.34:
    version "1.11.10"
    resolved "https://registry.npmjs.org/dayjs/-/dayjs-1.11.10.tgz"
    integrity sha512-vjAczensTgRcqDERK0SR2XMwsF/tSvnvlv6VcF2GIhg6Sx4yOIt/irsr1RDJsKiIyBzJDpCoXiWWq28MqH2cnQ==
  
  debug@4, debug@4.3.4, debug@^4.1.1, debug@^4.3.4:
    version "4.3.4"
    resolved "https://registry.npmjs.org/debug/-/debug-4.3.4.tgz"
    integrity sha512-PRWFHuSU3eDtQJPvnNY7Jcket1j0t5OuOsFzPPzsekD52Zl8qUfFIPEiswXqIvHWGVHOgX+7G/vCNNhehwxfkQ==
    dependencies:
      ms "2.1.2"
  
  degenerator@^5.0.0:
    version "5.0.1"
    resolved "https://registry.npmjs.org/degenerator/-/degenerator-5.0.1.tgz"
    integrity sha512-TllpMR/t0M5sqCXfj85i4XaAzxmS5tVA16dqvdkMwGmzI+dXLXnw3J+3Vdv7VKw+ThlTMboK6i9rnZ6Nntj5CQ==
    dependencies:
      ast-types "^0.13.4"
      escodegen "^2.1.0"
      esprima "^4.0.1"
  
  delayed-stream@~1.0.0:
    version "1.0.0"
    resolved "https://registry.npmjs.org/delayed-stream/-/delayed-stream-1.0.0.tgz"
    integrity sha512-ZySD7Nf91aLB0RxL4KGrKHBXl7Eds1DAmEdcoVawXnLD7SDhpNgtuII2aAkg7a7QS41jxPSZ17p4VdGnMHk3MQ==
  
  devtools-protocol@0.0.1232444:
    version "0.0.1232444"
    resolved "https://registry.npmjs.org/devtools-protocol/-/devtools-protocol-0.0.1232444.tgz"
    integrity sha512-pM27vqEfxSxRkTMnF+XCmxSEb6duO5R+t8A9DEEJgy4Wz2RVanje2mmj99B6A3zv2r/qGfYlOvYznUhuokizmg==
  
  dom-serializer@^2.0.0:
    version "2.0.0"
    resolved "https://registry.npmjs.org/dom-serializer/-/dom-serializer-2.0.0.tgz"
    integrity sha512-wIkAryiqt/nV5EQKqQpo3SToSOV9J0DnbJqwK7Wv/Trc92zIAYZ4FlMu+JPFW1DfGFt81ZTCGgDEabffXeLyJg==
    dependencies:
      domelementtype "^2.3.0"
      domhandler "^5.0.2"
      entities "^4.2.0"
  
  domelementtype@^2.3.0:
    version "2.3.0"
    resolved "https://registry.npmjs.org/domelementtype/-/domelementtype-2.3.0.tgz"
    integrity sha512-OLETBj6w0OsagBwdXnPdN0cnMfF9opN69co+7ZrbfPGrdpPVNBUj02spi6B1N7wChLQiPn4CSH/zJvXw56gmHw==
  
  domhandler@^5.0.2, domhandler@^5.0.3:
    version "5.0.3"
    resolved "https://registry.npmjs.org/domhandler/-/domhandler-5.0.3.tgz"
    integrity sha512-cgwlv/1iFQiFnU96XXgROh8xTeetsnJiDsTc7TYCLFd9+/WNkIqPTxiM/8pSd8VIrhXGTf1Ny1q1hquVqDJB5w==
    dependencies:
      domelementtype "^2.3.0"
  
  domutils@^3.0.1:
    version "3.1.0"
    resolved "https://registry.npmjs.org/domutils/-/domutils-3.1.0.tgz"
    integrity sha512-H78uMmQtI2AhgDJjWeQmHwJJ2bLPD3GMmO7Zja/ZZh84wkm+4ut+IUnUdRa8uCGX88DiVx1j6FRe1XfxEgjEZA==
    dependencies:
      dom-serializer "^2.0.0"
      domelementtype "^2.3.0"
      domhandler "^5.0.3"
  
  duplexer2@~0.1.4:
    version "0.1.4"
    resolved "https://registry.npmjs.org/duplexer2/-/duplexer2-0.1.4.tgz"
    integrity sha512-asLFVfWWtJ90ZyOUHMqk7/S2w2guQKxUI2itj3d92ADHhxUSbCMGi1f1cBcJ7xM1To+pE/Khbwo1yuNbMEPKeA==
    dependencies:
      readable-stream "^2.0.2"
  
  eastasianwidth@^0.2.0:
    version "0.2.0"
    resolved "https://registry.npmjs.org/eastasianwidth/-/eastasianwidth-0.2.0.tgz"
    integrity sha512-I88TYZWc9XiYHRQ4/3c5rjjfgkjhLyW2luGIheGERbNQ6OY7yTybanSpDXZa8y7VUP9YmDcYa+eyq4ca7iLqWA==
  
  emoji-regex@^8.0.0:
    version "8.0.0"
    resolved "https://registry.npmjs.org/emoji-regex/-/emoji-regex-8.0.0.tgz"
    integrity sha512-MSjYzcWNOA0ewAHpz0MxpYFvwg6yjy1NG3xteoqz644VCo/RPgnr1/GGt+ic3iJTzQ8Eu3TdM14SawnVUmGE6A==
  
  emoji-regex@^9.2.2:
    version "9.2.2"
    resolved "https://registry.npmjs.org/emoji-regex/-/emoji-regex-9.2.2.tgz"
    integrity sha512-L18DaJsXSUk2+42pv8mLs5jJT2hqFkFE4j21wOmgbUqsZ2hL72NsUU785g9RXgo3s0ZNgVl42TiHp3ZtOv/Vyg==
  
  end-of-stream@^1.1.0, end-of-stream@^1.4.1:
    version "1.4.4"
    resolved "https://registry.npmjs.org/end-of-stream/-/end-of-stream-1.4.4.tgz"
    integrity sha512-+uw1inIHVPQoaVuHzRyXd21icM+cnt4CzD5rW+NC1wjOUSTOs+Te7FOv7AhN7vS9x/oIyhLP5PR1H+phQAHu5Q==
    dependencies:
      once "^1.4.0"
  
  entities@^4.2.0, entities@^4.4.0:
    version "4.5.0"
    resolved "https://registry.npmjs.org/entities/-/entities-4.5.0.tgz"
    integrity sha512-V0hjH4dGPh9Ao5p0MoRY6BVqtwCjhz6vI5LT8AJ55H+4g9/4vbHx1I54fS0XuclLhDHArPQCiMjDxjaL8fPxhw==
  
  env-paths@^2.2.1:
    version "2.2.1"
    resolved "https://registry.npmjs.org/env-paths/-/env-paths-2.2.1.tgz"
    integrity sha512-+h1lkLKhZMTYjog1VEpJNG7NZJWcuc2DDk/qsqSTRRCOXiLjeQ1d1/udrUGhqMxUgAlwKNZ0cf2uqan5GLuS2A==
  
  error-ex@^1.3.1:
    version "1.3.2"
    resolved "https://registry.npmjs.org/error-ex/-/error-ex-1.3.2.tgz"
    integrity sha512-7dFHNmqeFSEt2ZBsCriorKnn3Z2pj+fd9kmI6QoWw4//DL+icEBfc0U7qJCisqrTsKTjw4fNFy2pW9OqStD84g==
    dependencies:
      is-arrayish "^0.2.1"
  
  escalade@^3.1.1:
    version "3.1.2"
    resolved "https://registry.npmjs.org/escalade/-/escalade-3.1.2.tgz"
    integrity sha512-ErCHMCae19vR8vQGe50xIsVomy19rg6gFu3+r3jkEO46suLMWBksvVyoGgQV+jOfl84ZSOSlmv6Gxa89PmTGmA==
  
  escape-string-regexp@^1.0.5:
    version "1.0.5"
    resolved "https://registry.npmjs.org/escape-string-regexp/-/escape-string-regexp-1.0.5.tgz"
    integrity sha512-vbRorB5FUQWvla16U8R/qgaFIya2qGzwDrNmCZuYKrbdSUMG6I1ZCGQRefkRVhuOkIGVne7BQ35DSfo1qvJqFg==
  
  escodegen@^2.1.0:
    version "2.1.0"
    resolved "https://registry.npmjs.org/escodegen/-/escodegen-2.1.0.tgz"
    integrity sha512-2NlIDTwUWJN0mRPQOdtQBzbUHvdGY2P1VXSyU83Q3xKxM7WHX2Ql8dKq782Q9TgQUNOLEzEYu9bzLNj1q88I5w==
    dependencies:
      esprima "^4.0.1"
      estraverse "^5.2.0"
      esutils "^2.0.2"
    optionalDependencies:
      source-map "~0.6.1"
  
  esprima@^4.0.1:
    version "4.0.1"
    resolved "https://registry.npmjs.org/esprima/-/esprima-4.0.1.tgz"
    integrity sha512-eGuFFw7Upda+g4p+QHvnW0RyTX/SVeJBDM/gCtMARO0cLuT2HcEKnTPvhjV6aGeqrCB/sbNop0Kszm0jsaWU4A==
  
  estraverse@^5.2.0:
    version "5.3.0"
    resolved "https://registry.npmjs.org/estraverse/-/estraverse-5.3.0.tgz"
    integrity sha512-MMdARuVEQziNTeJD8DgMqmhwR11BRQ/cBP+pLtYdSTnf3MIO8fFeiINEbX36ZdNlfU/7A9f3gUw49B3oQsvwBA==
  
  esutils@^2.0.2:
    version "2.0.3"
    resolved "https://registry.npmjs.org/esutils/-/esutils-2.0.3.tgz"
    integrity sha512-kVscqXk4OCp68SZ0dkgEKVi6/8ij300KBWTJq32P/dYeWTSwK41WyTxalN1eRmA5Z9UU/LX9D7FWSmV9SAYx6g==
  
  exceljs@^4.4.0:
    version "4.4.0"
    resolved "https://registry.npmjs.org/exceljs/-/exceljs-4.4.0.tgz"
    integrity sha512-XctvKaEMaj1Ii9oDOqbW/6e1gXknSY4g/aLCDicOXqBE4M0nRWkUu0PTp++UPNzoFY12BNHMfs/VadKIS6llvg==
    dependencies:
      archiver "^5.0.0"
      dayjs "^1.8.34"
      fast-csv "^4.3.1"
      jszip "^3.10.1"
      readable-stream "^3.6.0"
      saxes "^5.0.1"
      tmp "^0.2.0"
      unzipper "^0.10.11"
      uuid "^8.3.0"
  
  extract-zip@2.0.1:
    version "2.0.1"
    resolved "https://registry.npmjs.org/extract-zip/-/extract-zip-2.0.1.tgz"
    integrity sha512-GDhU9ntwuKyGXdZBUgTIe+vXnWj0fppUEtMDL0+idd5Sta8TGpHssn/eusA9mrPr9qNDym6SxAYZjNvCn/9RBg==
    dependencies:
      debug "^4.1.1"
      get-stream "^5.1.0"
      yauzl "^2.10.0"
    optionalDependencies:
      "@types/yauzl" "^2.9.1"
  
  fast-csv@^4.3.1:
    version "4.3.6"
    resolved "https://registry.npmjs.org/fast-csv/-/fast-csv-4.3.6.tgz"
    integrity sha512-2RNSpuwwsJGP0frGsOmTb9oUF+VkFSM4SyLTDgwf2ciHWTarN0lQTC+F2f/t5J9QjW+c65VFIAAu85GsvMIusw==
    dependencies:
      "@fast-csv/format" "4.3.5"
      "@fast-csv/parse" "4.3.6"
  
  fast-fifo@^1.1.0, fast-fifo@^1.2.0:
    version "1.3.2"
    resolved "https://registry.npmjs.org/fast-fifo/-/fast-fifo-1.3.2.tgz"
    integrity sha512-/d9sfos4yxzpwkDkuN7k2SqFKtYNmCTzgfEpz82x34IM9/zc8KGxQoXg1liNC/izpRM/MBdt44Nmx41ZWqk+FQ==
  
  fd-slicer@~1.1.0:
    version "1.1.0"
    resolved "https://registry.npmjs.org/fd-slicer/-/fd-slicer-1.1.0.tgz"
    integrity sha512-cE1qsB/VwyQozZ+q1dGxR8LBYNZeofhEdUNGSMbQD3Gw2lAzX9Zb3uIU6Ebc/Fmyjo9AWWfnn0AUCHqtevs/8g==
    dependencies:
      pend "~1.2.0"
  
  follow-redirects@^1.15.4:
    version "1.15.5"
    resolved "https://registry.npmjs.org/follow-redirects/-/follow-redirects-1.15.5.tgz"
    integrity sha512-vSFWUON1B+yAw1VN4xMfxgn5fTUiaOzAJCKBwIIgT/+7CuGy9+r+5gITvP62j3RmaD5Ph65UaERdOSRGUzZtgw==
  
  foreground-child@^3.1.0:
    version "3.1.1"
    resolved "https://registry.npmjs.org/foreground-child/-/foreground-child-3.1.1.tgz"
    integrity sha512-TMKDUnIte6bfb5nWv7V/caI169OHgvwjb7V4WkeUvbQQdjr5rWKqHFiKWb/fcOwB+CzBT+qbWjvj+DVwRskpIg==
    dependencies:
      cross-spawn "^7.0.0"
      signal-exit "^4.0.1"
  
  form-data@^4.0.0:
    version "4.0.0"
    resolved "https://registry.npmjs.org/form-data/-/form-data-4.0.0.tgz"
    integrity sha512-ETEklSGi5t0QMZuiXoA/Q6vcnxcLQP5vdugSpuAyi6SVGi2clPPp+xgEhuMaHC+zGgn31Kd235W35f7Hykkaww==
    dependencies:
      asynckit "^0.4.0"
      combined-stream "^1.0.8"
      mime-types "^2.1.12"
  
  frac@~1.1.2:
    version "1.1.2"
    resolved "https://registry.npmjs.org/frac/-/frac-1.1.2.tgz"
    integrity sha512-w/XBfkibaTl3YDqASwfDUqkna4Z2p9cFSr1aHDt0WoMTECnRfBOv2WArlZILlqgWlmdIlALXGpM2AOhEk5W3IA==
  
  fs-constants@^1.0.0:
    version "1.0.0"
    resolved "https://registry.npmjs.org/fs-constants/-/fs-constants-1.0.0.tgz"
    integrity sha512-y6OAwoSIf7FyjMIv94u+b5rdheZEjzR63GTyZJm5qh4Bi+2YgwLCcI/fPFZkL5PSixOt6ZNKm+w+Hfp/Bciwow==
  
  fs-extra@^11.2.0:
    version "11.2.0"
    resolved "https://registry.npmjs.org/fs-extra/-/fs-extra-11.2.0.tgz"
    integrity sha512-PmDi3uwK5nFuXh7XDTlVnS17xJS7vW36is2+w3xcv8SVxiB4NyATf4ctkVY5bkSjX0Y4nbvZCq1/EjtEyr9ktw==
    dependencies:
      graceful-fs "^4.2.0"
      jsonfile "^6.0.1"
      universalify "^2.0.0"
  
  fs.realpath@^1.0.0:
    version "1.0.0"
    resolved "https://registry.npmjs.org/fs.realpath/-/fs.realpath-1.0.0.tgz"
    integrity sha512-OO0pH2lK6a0hZnAdau5ItzHPI6pUlvI7jMVnxUQRtw4owF2wk8lOSabtGDCTP4Ggrg2MbGnWO9X8K1t4+fGMDw==
  
  fs@^0.0.1-security:
    version "0.0.1-security"
    resolved "https://registry.npmjs.org/fs/-/fs-0.0.1-security.tgz"
    integrity sha512-3XY9e1pP0CVEUCdj5BmfIZxRBTSDycnbqhIOGec9QYtmVH2fbLpj86CFWkrNOkt/Fvty4KZG5lTglL9j/gJ87w==
  
  fstream@^1.0.12:
    version "1.0.12"
    resolved "https://registry.npmjs.org/fstream/-/fstream-1.0.12.tgz"
    integrity sha512-WvJ193OHa0GHPEL+AycEJgxvBEwyfRkN1vhjca23OaPVMCaLCXTd5qAu82AjTcgP1UJmytkOKb63Ypde7raDIg==
    dependencies:
      graceful-fs "^4.1.2"
      inherits "~2.0.0"
      mkdirp ">=0.5 0"
      rimraf "2"
  
  get-caller-file@^2.0.5:
    version "2.0.5"
    resolved "https://registry.npmjs.org/get-caller-file/-/get-caller-file-2.0.5.tgz"
    integrity sha512-DyFP3BM/3YHTQOCUL/w0OZHR0lpKeGrxotcHWcqNEdnltqFwXVfhEBQ94eIo34AfQpo0rGki4cyIiftY06h2Fg==
  
  get-stream@^5.1.0:
    version "5.2.0"
    resolved "https://registry.npmjs.org/get-stream/-/get-stream-5.2.0.tgz"
    integrity sha512-nBF+F1rAZVCu/p7rjzgA+Yb4lfYXrpl7a6VmJrU8wF9I1CKvP/QwPNZHnOlwbTkY6dvtFIzFMSyQXbLoTQPRpA==
    dependencies:
      pump "^3.0.0"
  
  get-uri@^6.0.1:
    version "6.0.3"
    resolved "https://registry.npmjs.org/get-uri/-/get-uri-6.0.3.tgz"
    integrity sha512-BzUrJBS9EcUb4cFol8r4W3v1cPsSyajLSthNkz5BxbpDcHN5tIrM10E2eNvfnvBn3DaT3DUgx0OpsBKkaOpanw==
    dependencies:
      basic-ftp "^5.0.2"
      data-uri-to-buffer "^6.0.2"
      debug "^4.3.4"
      fs-extra "^11.2.0"
  
  glob@^10.3.10:
    version "10.3.10"
    resolved "https://registry.npmjs.org/glob/-/glob-10.3.10.tgz"
    integrity sha512-fa46+tv1Ak0UPK1TOy/pZrIybNNt4HCv7SDzwyfiOZkvZLEbjsZkJBPtDHVshZjbecAoAGSC20MjLDG/qr679g==
    dependencies:
      foreground-child "^3.1.0"
      jackspeak "^2.3.5"
      minimatch "^9.0.1"
      minipass "^5.0.0 || ^6.0.2 || ^7.0.0"
      path-scurry "^1.10.1"
  
  glob@^7.1.3, glob@^7.1.4, glob@^7.2.3:
    version "7.2.3"
    resolved "https://registry.npmjs.org/glob/-/glob-7.2.3.tgz"
    integrity sha512-nFR0zLpU2YCaRxwoCJvL6UvCH2JFyFVIvwTLsIf21AuHlMskA1hhTdk+LlYJtOlYt9v6dvszD2BGRqBL+iQK9Q==
    dependencies:
      fs.realpath "^1.0.0"
      inflight "^1.0.4"
      inherits "2"
      minimatch "^3.1.1"
      once "^1.3.0"
      path-is-absolute "^1.0.0"
  
  graceful-fs@^4.1.2, graceful-fs@^4.1.6, graceful-fs@^4.2.0, graceful-fs@^4.2.2:
    version "4.2.11"
    resolved "https://registry.npmjs.org/graceful-fs/-/graceful-fs-4.2.11.tgz"
    integrity sha512-RbJ5/jmFcNNCcDV5o9eTnBLJ/HszWV0P73bc+Ff4nS/rJj+YaS6IGyiOL0VoBYX+l1Wrl3k63h/KrH+nhJ0XvQ==
  
  has-flag@^3.0.0:
    version "3.0.0"
    resolved "https://registry.npmjs.org/has-flag/-/has-flag-3.0.0.tgz"
    integrity sha512-sKJf1+ceQBr4SMkvQnBDNDtf4TXpVhVGateu0t918bl30FnbE2m4vNLX+VWe/dpjlb+HugGYzW7uQXH98HPEYw==
  
  htmlparser2@^8.0.1:
    version "8.0.2"
    resolved "https://registry.npmjs.org/htmlparser2/-/htmlparser2-8.0.2.tgz"
    integrity sha512-GYdjWKDkbRLkZ5geuHs5NY1puJ+PXwP7+fHPRz06Eirsb9ugf6d8kkXav6ADhcODhFFPMIXyxkxSuMf3D6NCFA==
    dependencies:
      domelementtype "^2.3.0"
      domhandler "^5.0.3"
      domutils "^3.0.1"
      entities "^4.4.0"
  
  http-proxy-agent@^7.0.0:
    version "7.0.2"
    resolved "https://registry.npmjs.org/http-proxy-agent/-/http-proxy-agent-7.0.2.tgz"
    integrity sha512-T1gkAiYYDWYx3V5Bmyu7HcfcvL7mUrTWiM6yOfa3PIphViJ/gFPbvidQ+veqSOHci/PxBcDabeUNCzpOODJZig==
    dependencies:
      agent-base "^7.1.0"
      debug "^4.3.4"
  
  https-proxy-agent@^7.0.2:
    version "7.0.4"
    resolved "https://registry.npmjs.org/https-proxy-agent/-/https-proxy-agent-7.0.4.tgz"
    integrity sha512-wlwpilI7YdjSkWaQ/7omYBMTliDcmCN8OLihO6I9B86g06lMyAoqgoDpV0XqoaPOKj+0DIdAvnsWfyAAhmimcg==
    dependencies:
      agent-base "^7.0.2"
      debug "4"
  
  ieee754@^1.1.13:
    version "1.2.1"
    resolved "https://registry.npmjs.org/ieee754/-/ieee754-1.2.1.tgz"
    integrity sha512-dcyqhDvX1C46lXZcVqCpK+FtMRQVdIMN6/Df5js2zouUsqG7I6sFxitIC+7KYK29KdXOLHdu9zL4sFnoVQnqaA==
  
  immediate@~3.0.5:
    version "3.0.6"
    resolved "https://registry.npmjs.org/immediate/-/immediate-3.0.6.tgz"
    integrity sha512-XXOFtyqDjNDAQxVfYxuF7g9Il/IbWmmlQg2MYKOH8ExIT1qg6xc4zyS3HaEEATgs1btfzxq15ciUiY7gjSXRGQ==
  
  import-fresh@^3.3.0:
    version "3.3.0"
    resolved "https://registry.npmjs.org/import-fresh/-/import-fresh-3.3.0.tgz"
    integrity sha512-veYYhQa+D1QBKznvhUHxb8faxlrwUnxseDAbAp457E0wLNio2bOSKnjYDhMj+YiAq61xrMGhQk9iXVk5FzgQMw==
    dependencies:
      parent-module "^1.0.0"
      resolve-from "^4.0.0"
  
  inflight@^1.0.4:
    version "1.0.6"
    resolved "https://registry.npmjs.org/inflight/-/inflight-1.0.6.tgz"
    integrity sha512-k92I/b08q4wvFscXCLvqfsHCrjrF7yiXsQuIVvVE7N82W3+aqpzuUdBbfhWcy/FZR3/4IgflMgKLOsvPDrGCJA==
    dependencies:
      once "^1.3.0"
      wrappy "1"
  
  inherits@2, inherits@^2.0.3, inherits@^2.0.4, inherits@~2.0.0, inherits@~2.0.3:
    version "2.0.4"
    resolved "https://registry.npmjs.org/inherits/-/inherits-2.0.4.tgz"
    integrity sha512-k/vGaX4/Yla3WzyMCvTQOXYeIHvqOKtnqBduzTHpzpQZzAskKMhZ2K+EnBiSM9zGSoIFeMpXKxa4dYeZIQqewQ==
  
  inherits@2.0.3:
    version "2.0.3"
    resolved "https://registry.npmjs.org/inherits/-/inherits-2.0.3.tgz"
    integrity sha512-x00IRNXNy63jwGkJmzPigoySHbaqpNuzKbBOmzK+g2OdZpQ9w+sxCN+VSB3ja7IAge2OP2qpfxTjeNcyjmW1uw==
  
  ip-address@^9.0.5:
    version "9.0.5"
    resolved "https://registry.npmjs.org/ip-address/-/ip-address-9.0.5.tgz"
    integrity sha512-zHtQzGojZXTwZTHQqra+ETKd4Sn3vgi7uBmlPoXVWZqYvuKmtI0l/VZTjqGmJY9x88GGOaZ9+G9ES8hC4T4X8g==
    dependencies:
      jsbn "1.1.0"
      sprintf-js "^1.1.3"
  
  is-arrayish@^0.2.1:
    version "0.2.1"
    resolved "https://registry.npmjs.org/is-arrayish/-/is-arrayish-0.2.1.tgz"
    integrity sha512-zz06S8t0ozoDXMG+ube26zeCTNXcKIPJZJi8hBrF4idCLms4CG9QtK7qBl1boi5ODzFpjswb5JPmHCbMpjaYzg==
  
  is-fullwidth-code-point@^3.0.0:
    version "3.0.0"
    resolved "https://registry.npmjs.org/is-fullwidth-code-point/-/is-fullwidth-code-point-3.0.0.tgz"
    integrity sha512-zymm5+u+sCsSWyD9qNaejV3DFvhCKclKdizYaJUuHA83RLjb7nSuGnddCHGv0hk+KY7BMAlsWeK4Ueg6EV6XQg==
  
  isarray@~1.0.0:
    version "1.0.0"
    resolved "https://registry.npmjs.org/isarray/-/isarray-1.0.0.tgz"
    integrity sha512-VLghIWNM6ELQzo7zwmcg0NmTVyWKYjvIeM83yjp0wRDTmUnrM678fQbcKBo6n2CJEF0szoG//ytg+TKla89ALQ==
  
  isexe@^2.0.0:
    version "2.0.0"
    resolved "https://registry.npmjs.org/isexe/-/isexe-2.0.0.tgz"
    integrity sha512-RHxMLp9lnKHGHRng9QFhRCMbYAcVpn69smSGcq3f36xjgVVWThj4qqLbTLlq7Ssj8B+fIQ1EuCEGI2lKsyQeIw==
  
  jackspeak@^2.3.5:
    version "2.3.6"
    resolved "https://registry.npmjs.org/jackspeak/-/jackspeak-2.3.6.tgz"
    integrity sha512-N3yCS/NegsOBokc8GAdM8UcmfsKiSS8cipheD/nivzr700H+nsMOxJjQnvwOcRYVuFkdH0wGUvW2WbXGmrZGbQ==
    dependencies:
      "@isaacs/cliui" "^8.0.2"
    optionalDependencies:
      "@pkgjs/parseargs" "^0.11.0"
  
  js-tokens@^4.0.0:
    version "4.0.0"
    resolved "https://registry.npmjs.org/js-tokens/-/js-tokens-4.0.0.tgz"
    integrity sha512-RdJUflcE3cUzKiMqQgsCu06FPu9UdIJO0beYbPhHN4k6apgJtifcoCtT9bcxOpYBtpD2kCM6Sbzg4CausW/PKQ==
  
  js-yaml@^4.1.0:
    version "4.1.0"
    resolved "https://registry.npmjs.org/js-yaml/-/js-yaml-4.1.0.tgz"
    integrity sha512-wpxZs9NoxZaJESJGIZTyDEaYpl0FKSA+FB9aJiyemKhMwkxQg63h4T1KJgUGHpTqPDNRcmmYLugrRjJlBtWvRA==
    dependencies:
      argparse "^2.0.1"
  
  jsbn@1.1.0:
    version "1.1.0"
    resolved "https://registry.npmjs.org/jsbn/-/jsbn-1.1.0.tgz"
    integrity sha512-4bYVV3aAMtDTTu4+xsDYa6sy9GyJ69/amsu9sYF2zqjiEoZA5xJi3BrfX3uY+/IekIu7MwdObdbDWpoZdBv3/A==
  
  json-parse-even-better-errors@^2.3.0:
    version "2.3.1"
    resolved "https://registry.npmjs.org/json-parse-even-better-errors/-/json-parse-even-better-errors-2.3.1.tgz"
    integrity sha512-xyFwyhro/JEof6Ghe2iz2NcXoj2sloNsWr/XsERDK/oiPCfaNhl5ONfp+jQdAZRQQ0IJWNzH9zIZF7li91kh2w==
  
  jsonfile@^6.0.1:
    version "6.1.0"
    resolved "https://registry.npmjs.org/jsonfile/-/jsonfile-6.1.0.tgz"
    integrity sha512-5dgndWOriYSm5cnYaJNhalLNDKOqFwyDB/rr1E9ZsGciGvKPs8R2xYGCacuf3z6K1YKDz182fd+fY3cn3pMqXQ==
    dependencies:
      universalify "^2.0.0"
    optionalDependencies:
      graceful-fs "^4.1.6"
  
  jszip@^3.10.1:
    version "3.10.1"
    resolved "https://registry.npmjs.org/jszip/-/jszip-3.10.1.tgz"
    integrity sha512-xXDvecyTpGLrqFrvkrUSoxxfJI5AH7U8zxxtVclpsUtMCq4JQ290LY8AW5c7Ggnr/Y/oK+bQMbqK2qmtk3pN4g==
    dependencies:
      lie "~3.3.0"
      pako "~1.0.2"
      readable-stream "~2.3.6"
      setimmediate "^1.0.5"
  
  lazystream@^1.0.0:
    version "1.0.1"
    resolved "https://registry.npmjs.org/lazystream/-/lazystream-1.0.1.tgz"
    integrity sha512-b94GiNHQNy6JNTrt5w6zNyffMrNkXZb3KTkCZJb2V1xaEGCk093vkZ2jk3tpaeP33/OiXC+WvK9AxUebnf5nbw==
    dependencies:
      readable-stream "^2.0.5"
  
  lie@~3.3.0:
    version "3.3.0"
    resolved "https://registry.npmjs.org/lie/-/lie-3.3.0.tgz"
    integrity sha512-UaiMJzeWRlEujzAuw5LokY1L5ecNQYZKfmyZ9L7wDHb/p5etKaxXhohBcrw0EYby+G/NA52vRSN4N39dxHAIwQ==
    dependencies:
      immediate "~3.0.5"
  
  lines-and-columns@^1.1.6:
    version "1.2.4"
    resolved "https://registry.npmjs.org/lines-and-columns/-/lines-and-columns-1.2.4.tgz"
    integrity sha512-7ylylesZQ/PV29jhEDl3Ufjo6ZX7gCqJr5F7PKrqc93v7fzSymt1BpwEU8nAUXs8qzzvqhbjhK5QZg6Mt/HkBg==
  
  listenercount@~1.0.1:
    version "1.0.1"
    resolved "https://registry.npmjs.org/listenercount/-/listenercount-1.0.1.tgz"
    integrity sha512-3mk/Zag0+IJxeDrxSgaDPy4zZ3w05PRZeJNnlWhzFz5OkX49J4krc+A8X2d2M69vGMBEX0uyl8M+W+8gH+kBqQ==
  
  lodash.defaults@^4.2.0:
    version "4.2.0"
    resolved "https://registry.npmjs.org/lodash.defaults/-/lodash.defaults-4.2.0.tgz"
    integrity sha512-qjxPLHd3r5DnsdGacqOMU6pb/avJzdh9tFX2ymgoZE27BmjXrNy/y4LoaiTeAb+O3gL8AfpJGtqfX/ae2leYYQ==
  
  lodash.difference@^4.5.0:
    version "4.5.0"
    resolved "https://registry.npmjs.org/lodash.difference/-/lodash.difference-4.5.0.tgz"
    integrity sha512-dS2j+W26TQ7taQBGN8Lbbq04ssV3emRw4NY58WErlTO29pIqS0HmoT5aJ9+TUQ1N3G+JOZSji4eugsWwGp9yPA==
  
  lodash.escaperegexp@^4.1.2:
    version "4.1.2"
    resolved "https://registry.npmjs.org/lodash.escaperegexp/-/lodash.escaperegexp-4.1.2.tgz"
    integrity sha512-TM9YBvyC84ZxE3rgfefxUWiQKLilstD6k7PTGt6wfbtXF8ixIJLOL3VYyV/z+ZiPLsVxAsKAFVwWlWeb2Y8Yyw==
  
  lodash.flatten@^4.4.0:
    version "4.4.0"
    resolved "https://registry.npmjs.org/lodash.flatten/-/lodash.flatten-4.4.0.tgz"
    integrity sha512-C5N2Z3DgnnKr0LOpv/hKCgKdb7ZZwafIrsesve6lmzvZIRZRGaZ/l6Q8+2W7NaT+ZwO3fFlSCzCzrDCFdJfZ4g==
  
  lodash.groupby@^4.6.0:
    version "4.6.0"
    resolved "https://registry.npmjs.org/lodash.groupby/-/lodash.groupby-4.6.0.tgz"
    integrity sha512-5dcWxm23+VAoz+awKmBaiBvzox8+RqMgFhi7UvX9DHZr2HdxHXM/Wrf8cfKpsW37RNrvtPn6hSwNqurSILbmJw==
  
  lodash.isboolean@^3.0.3:
    version "3.0.3"
    resolved "https://registry.npmjs.org/lodash.isboolean/-/lodash.isboolean-3.0.3.tgz"
    integrity sha512-Bz5mupy2SVbPHURB98VAcw+aHh4vRV5IPNhILUCsOzRmsTmSQ17jIuqopAentWoehktxGd9e/hbIXq980/1QJg==
  
  lodash.isequal@^4.5.0:
    version "4.5.0"
    resolved "https://registry.npmjs.org/lodash.isequal/-/lodash.isequal-4.5.0.tgz"
    integrity sha512-pDo3lu8Jhfjqls6GkMgpahsF9kCyayhgykjyLMNFTKWrpVdAQtYyB4muAMWozBB4ig/dtWAmsMxLEI8wuz+DYQ==
  
  lodash.isfunction@^3.0.9:
    version "3.0.9"
    resolved "https://registry.npmjs.org/lodash.isfunction/-/lodash.isfunction-3.0.9.tgz"
    integrity sha512-AirXNj15uRIMMPihnkInB4i3NHeb4iBtNg9WRWuK2o31S+ePwwNmDPaTL3o7dTJ+VXNZim7rFs4rxN4YU1oUJw==
  
  lodash.isnil@^4.0.0:
    version "4.0.0"
    resolved "https://registry.npmjs.org/lodash.isnil/-/lodash.isnil-4.0.0.tgz"
    integrity sha512-up2Mzq3545mwVnMhTDMdfoG1OurpA/s5t88JmQX809eH3C8491iu2sfKhTfhQtKY78oPNhiaHJUpT/dUDAAtng==
  
  lodash.isplainobject@^4.0.6:
    version "4.0.6"
    resolved "https://registry.npmjs.org/lodash.isplainobject/-/lodash.isplainobject-4.0.6.tgz"
    integrity sha512-oSXzaWypCMHkPC3NvBEaPHf0KsA5mvPrOPgQWDsbg8n7orZ290M0BmC/jgRZ4vcJ6DTAhjrsSYgdsW/F+MFOBA==
  
  lodash.isundefined@^3.0.1:
    version "3.0.1"
    resolved "https://registry.npmjs.org/lodash.isundefined/-/lodash.isundefined-3.0.1.tgz"
    integrity sha512-MXB1is3s899/cD8jheYYE2V9qTHwKvt+npCwpD+1Sxm3Q3cECXCiYHjeHWXNwr6Q0SOBPrYUDxendrO6goVTEA==
  
  lodash.union@^4.6.0:
    version "4.6.0"
    resolved "https://registry.npmjs.org/lodash.union/-/lodash.union-4.6.0.tgz"
    integrity sha512-c4pB2CdGrGdjMKYLA+XiRDO7Y0PRQbm/Gzg8qMj+QH+pFVAoTp5sBpO0odL3FjoPCGjK96p6qsP+yQoiLoOBcw==
  
  lodash.uniq@^4.5.0:
    version "4.5.0"
    resolved "https://registry.npmjs.org/lodash.uniq/-/lodash.uniq-4.5.0.tgz"
    integrity sha512-xfBaXQd9ryd9dlSDvnvI0lvxfLJlYAZzXomUYzLKtUeOQvOP5piqAWuGtrhWeqaXK9hhoM/iyJc5AV+XfsX3HQ==
  
  lru-cache@^7.14.1:
    version "7.18.3"
    resolved "https://registry.npmjs.org/lru-cache/-/lru-cache-7.18.3.tgz"
    integrity sha512-jumlc0BIUrS3qJGgIkWZsyfAM7NCWiBcCDhnd+3NNM5KbBmLTgHVfWBcg6W+rLUsIpzpERPsvwUP7CckAQSOoA==
  
  "lru-cache@^9.1.1 || ^10.0.0":
    version "10.2.0"
    resolved "https://registry.npmjs.org/lru-cache/-/lru-cache-10.2.0.tgz"
    integrity sha512-2bIM8x+VAf6JT4bKAljS1qUWgMsqZRPGJS6FSahIMPVvctcNhyVp7AJu7quxOW9jwkryBReKZY5tY5JYv2n/7Q==
  
  m3u8stream@^0.8.6:
    version "0.8.6"
    resolved "https://registry.npmjs.org/m3u8stream/-/m3u8stream-0.8.6.tgz"
    integrity sha512-LZj8kIVf9KCphiHmH7sbFQTVe4tOemb202fWwvJwR9W5ENW/1hxJN6ksAWGhQgSBSa3jyWhnjKU1Fw1GaOdbyA==
    dependencies:
      miniget "^4.2.2"
      sax "^1.2.4"
  
  mime-db@1.52.0:
    version "1.52.0"
    resolved "https://registry.npmjs.org/mime-db/-/mime-db-1.52.0.tgz"
    integrity sha512-sPU4uV7dYlvtWJxwwxHD0PuihVNiE7TyAbQ5SWxDCB9mUYvOgroQOwYQQOKPJ8CIbE+1ETVlOoK1UC2nU3gYvg==
  
  mime-types@^2.1.12:
    version "2.1.35"
    resolved "https://registry.npmjs.org/mime-types/-/mime-types-2.1.35.tgz"
    integrity sha512-ZDY+bPm5zTTF+YpCrAU9nK0UgICYPT0QtT1NZWFv4s++TNkcgVaT0g6+4R2uI4MjQjzysHB1zxuWL50hzaeXiw==
    dependencies:
      mime-db "1.52.0"
  
  miniget@^4.2.2:
    version "4.2.3"
    resolved "https://registry.npmjs.org/miniget/-/miniget-4.2.3.tgz"
    integrity sha512-SjbDPDICJ1zT+ZvQwK0hUcRY4wxlhhNpHL9nJOB2MEAXRGagTljsO8MEDzQMTFf0Q8g4QNi8P9lEm/g7e+qgzA==
  
  minimatch@^3.1.1:
    version "3.1.2"
    resolved "https://registry.npmjs.org/minimatch/-/minimatch-3.1.2.tgz"
    integrity sha512-J7p63hRiAjw1NDEww1W7i37+ByIrOWO5XQQAzZ3VOcL0PNybwpfmV/N05zFAzwQ9USyEcX6t3UO+K5aqBQOIHw==
    dependencies:
      brace-expansion "^1.1.7"
  
  minimatch@^5.1.0:
    version "5.1.6"
    resolved "https://registry.npmjs.org/minimatch/-/minimatch-5.1.6.tgz"
    integrity sha512-lKwV/1brpG6mBUFHtb7NUmtABCb2WZZmm2wNiOA5hAb8VdCS4B3dtMWyvcoViccwAW/COERjXLt0zP1zXUN26g==
    dependencies:
      brace-expansion "^2.0.1"
  
  minimatch@^9.0.1:
    version "9.0.3"
    resolved "https://registry.npmjs.org/minimatch/-/minimatch-9.0.3.tgz"
    integrity sha512-RHiac9mvaRw0x3AYRgDC1CxAP7HTcNrrECeA8YYJeWnpo+2Q5CegtZjaotWTWxDG3UeGA1coE05iH1mPjT/2mg==
    dependencies:
      brace-expansion "^2.0.1"
  
  minimist@^1.2.6:
    version "1.2.8"
    resolved "https://registry.npmjs.org/minimist/-/minimist-1.2.8.tgz"
    integrity sha512-2yyAR8qBkN3YuheJanUpWC5U3bb5osDywNB8RzDVlDwDHbocAJveqqj1u8+SVD7jkWT4yvsHCpWqqWqAxb0zCA==
  
  "minipass@^5.0.0 || ^6.0.2 || ^7.0.0":
    version "7.0.4"
    resolved "https://registry.npmjs.org/minipass/-/minipass-7.0.4.tgz"
    integrity sha512-jYofLM5Dam9279rdkWzqHozUo4ybjdZmCsDHePy5V/PbBcVMiSZR97gmAy45aqi8CK1lG2ECd356FU86avfwUQ==
  
  mitt@3.0.1:
    version "3.0.1"
    resolved "https://registry.npmjs.org/mitt/-/mitt-3.0.1.tgz"
    integrity sha512-vKivATfr97l2/QBCYAkXYDbrIWPM2IIKEl7YPhjCvKlG3kE2gm+uBo6nEXK3M5/Ffh/FLpKExzOQ3JJoJGFKBw==
  
  mkdirp-classic@^0.5.2:
    version "0.5.3"
    resolved "https://registry.npmjs.org/mkdirp-classic/-/mkdirp-classic-0.5.3.tgz"
    integrity sha512-gKLcREMhtuZRwRAfqP3RFW+TK4JqApVBtOIftVgjuABpAtpxhPGaDcfvbhNvD0B8iD1oUr/txX35NjcaY6Ns/A==
  
  "mkdirp@>=0.5 0":
    version "0.5.6"
    resolved "https://registry.npmjs.org/mkdirp/-/mkdirp-0.5.6.tgz"
    integrity sha512-FP+p8RB8OWpF3YZBCrP5gtADmtXApB5AMLn+vdyA+PyxCjrCs00mjyUozssO33cwDeT3wNGdLxJ5M//YqtHAJw==
    dependencies:
      minimist "^1.2.6"
  
  ms@2.1.2:
    version "2.1.2"
    resolved "https://registry.npmjs.org/ms/-/ms-2.1.2.tgz"
    integrity sha512-sGkPx+VjMtmA6MX27oA4FBFELFCZZ4S4XqeGOXCv68tT+jb3vk/RyaKWP0PTKyWtmLSM0b+adUTEvbs1PEaH2w==
  
  netmask@^2.0.2:
    version "2.0.2"
    resolved "https://registry.npmjs.org/netmask/-/netmask-2.0.2.tgz"
    integrity sha512-dBpDMdxv9Irdq66304OLfEmQ9tbNRFnFTuZiLo+bD+r332bBmMJ8GBLXklIXXgxd3+v9+KUnZaUR5PJMa75Gsg==
  
  node-fetch@^2.6.12:
    version "2.7.0"
    resolved "https://registry.npmjs.org/node-fetch/-/node-fetch-2.7.0.tgz"
    integrity sha512-c4FRfUm/dbcWZ7U+1Wq0AwCyFL+3nt2bEw05wfxSz+DWpWsitgmSgYmy2dQdWyKC1694ELPqMs/YzUSNozLt8A==
    dependencies:
      whatwg-url "^5.0.0"
  
  normalize-path@^3.0.0:
    version "3.0.0"
    resolved "https://registry.npmjs.org/normalize-path/-/normalize-path-3.0.0.tgz"
    integrity sha512-6eZs5Ls3WtCisHWp9S2GUy8dqkpGi4BVSz3GaqiE6ezub0512ESztXUwUB6C6IKbQkY2Pnb/mD4WYojCRwcwLA==
  
  nth-check@^2.0.1:
    version "2.1.1"
    resolved "https://registry.npmjs.org/nth-check/-/nth-check-2.1.1.tgz"
    integrity sha512-lqjrjmaOoAnWfMmBPL+XNnynZh2+swxiX3WUE0s4yEHI6m+AwrK2UZOimIRl3X/4QctVqS8AiZjFqyOGrMXb/w==
    dependencies:
      boolbase "^1.0.0"
  
  once@^1.3.0, once@^1.3.1, once@^1.4.0:
    version "1.4.0"
    resolved "https://registry.npmjs.org/once/-/once-1.4.0.tgz"
    integrity sha512-lNaJgI+2Q5URQBkccEKHTQOPaXdUxnZZElQTZY0MFUAuaEqe1E+Nyvgdz/aIyNi6Z9MzO5dv1H8n58/GELp3+w==
    dependencies:
      wrappy "1"
  
  pac-proxy-agent@^7.0.1:
    version "7.0.1"
    resolved "https://registry.npmjs.org/pac-proxy-agent/-/pac-proxy-agent-7.0.1.tgz"
    integrity sha512-ASV8yU4LLKBAjqIPMbrgtaKIvxQri/yh2OpI+S6hVa9JRkUI3Y3NPFbfngDtY7oFtSMD3w31Xns89mDa3Feo5A==
    dependencies:
      "@tootallnate/quickjs-emscripten" "^0.23.0"
      agent-base "^7.0.2"
      debug "^4.3.4"
      get-uri "^6.0.1"
      http-proxy-agent "^7.0.0"
      https-proxy-agent "^7.0.2"
      pac-resolver "^7.0.0"
      socks-proxy-agent "^8.0.2"
  
  pac-resolver@^7.0.0:
    version "7.0.1"
    resolved "https://registry.npmjs.org/pac-resolver/-/pac-resolver-7.0.1.tgz"
    integrity sha512-5NPgf87AT2STgwa2ntRMr45jTKrYBGkVU36yT0ig/n/GMAa3oPqhZfIQ2kMEimReg0+t9kZViDVZ83qfVUlckg==
    dependencies:
      degenerator "^5.0.0"
      netmask "^2.0.2"
  
  pako@~1.0.2:
    version "1.0.11"
    resolved "https://registry.npmjs.org/pako/-/pako-1.0.11.tgz"
    integrity sha512-4hLB8Py4zZce5s4yd9XzopqwVv/yGNhV1Bl8NTmCq1763HeK2+EwVTv+leGeL13Dnh2wfbqowVPXCIO0z4taYw==
  
  parent-module@^1.0.0:
    version "1.0.1"
    resolved "https://registry.npmjs.org/parent-module/-/parent-module-1.0.1.tgz"
    integrity sha512-GQ2EWRpQV8/o+Aw8YqtfZZPfNRWZYkbidE9k5rpl/hC3vtHHBfGm2Ifi6qWV+coDGkrUKZAxE3Lot5kcsRlh+g==
    dependencies:
      callsites "^3.0.0"
  
  parse-json@^5.2.0:
    version "5.2.0"
    resolved "https://registry.npmjs.org/parse-json/-/parse-json-5.2.0.tgz"
    integrity sha512-ayCKvm/phCGxOkYRSCM82iDwct8/EonSEgCSxWxD7ve6jHggsFl4fZVQBPRNgQoKiuV/odhFrGzQXZwbifC8Rg==
    dependencies:
      "@babel/code-frame" "^7.0.0"
      error-ex "^1.3.1"
      json-parse-even-better-errors "^2.3.0"
      lines-and-columns "^1.1.6"
  
  parse5-htmlparser2-tree-adapter@^7.0.0:
    version "7.0.0"
    resolved "https://registry.npmjs.org/parse5-htmlparser2-tree-adapter/-/parse5-htmlparser2-tree-adapter-7.0.0.tgz"
    integrity sha512-B77tOZrqqfUfnVcOrUvfdLbz4pu4RopLD/4vmu3HUPswwTA8OH0EMW9BlWR2B0RCoiZRAHEUu7IxeP1Pd1UU+g==
    dependencies:
      domhandler "^5.0.2"
      parse5 "^7.0.0"
  
  parse5@^7.0.0:
    version "7.1.2"
    resolved "https://registry.npmjs.org/parse5/-/parse5-7.1.2.tgz"
    integrity sha512-Czj1WaSVpaoj0wbhMzLmWD69anp2WH7FXMB9n1Sy8/ZFF9jolSQVMu1Ij5WIyGmcBmhk7EOndpO4mIpihVqAXw==
    dependencies:
      entities "^4.4.0"
  
  path-is-absolute@^1.0.0:
    version "1.0.1"
    resolved "https://registry.npmjs.org/path-is-absolute/-/path-is-absolute-1.0.1.tgz"
    integrity sha512-AVbw3UJ2e9bq64vSaS9Am0fje1Pa8pbGqTTsmXfaIiMpnr5DlDhfJOuLj9Sf95ZPVDAUerDfEk88MPmPe7UCQg==
  
  path-key@^3.1.0:
    version "3.1.1"
    resolved "https://registry.npmjs.org/path-key/-/path-key-3.1.1.tgz"
    integrity sha512-ojmeN0qd+y0jszEtoY48r0Peq5dwMEkIlCOu6Q5f41lfkswXuKtYrhgoTpLnyIcHm24Uhqx+5Tqm2InSwLhE6Q==
  
  path-scurry@^1.10.1:
    version "1.10.1"
    resolved "https://registry.npmjs.org/path-scurry/-/path-scurry-1.10.1.tgz"
    integrity sha512-MkhCqzzBEpPvxxQ71Md0b1Kk51W01lrYvlMzSUaIzNsODdd7mqhiimSZlr+VegAz5Z6Vzt9Xg2ttE//XBhH3EQ==
    dependencies:
      lru-cache "^9.1.1 || ^10.0.0"
      minipass "^5.0.0 || ^6.0.2 || ^7.0.0"
  
  path@^0.12.7:
    version "0.12.7"
    resolved "https://registry.npmjs.org/path/-/path-0.12.7.tgz"
    integrity sha512-aXXC6s+1w7otVF9UletFkFcDsJeO7lSZBPUQhtb5O0xJe8LtYhj/GxldoL09bBj9+ZmE2hNoHqQSFMN5fikh4Q==
    dependencies:
      process "^0.11.1"
      util "^0.10.3"
  
  pend@~1.2.0:
    version "1.2.0"
    resolved "https://registry.npmjs.org/pend/-/pend-1.2.0.tgz"
    integrity sha512-F3asv42UuXchdzt+xXqfW1OGlVBe+mxa2mqI0pg5yAHZPvFmY3Y6drSf/GQ1A86WgWEN9Kzh/WrgKa6iGcHXLg==
  
  process-nextick-args@~2.0.0:
    version "2.0.1"
    resolved "https://registry.npmjs.org/process-nextick-args/-/process-nextick-args-2.0.1.tgz"
    integrity sha512-3ouUOpQhtgrbOa17J7+uxOTpITYWaGP7/AhoR3+A+/1e9skrzelGi/dXzEYyvbxubEF6Wn2ypscTKiKJFFn1ag==
  
  process@^0.11.1:
    version "0.11.10"
    resolved "https://registry.npmjs.org/process/-/process-0.11.10.tgz"
    integrity sha512-cdGef/drWFoydD1JsMzuFf8100nZl+GT+yacc2bEced5f9Rjk4z+WtFUTBu9PhOi9j/jfmBPu0mMEY4wIdAF8A==
  
  progress@2.0.3:
    version "2.0.3"
    resolved "https://registry.npmjs.org/progress/-/progress-2.0.3.tgz"
    integrity sha512-7PiHtLll5LdnKIMw100I+8xJXR5gW2QwWYkT6iJva0bXitZKa/XMrSbdmg3r2Xnaidz9Qumd0VPaMrZlF9V9sA==
  
  proxy-agent@6.3.1:
    version "6.3.1"
    resolved "https://registry.npmjs.org/proxy-agent/-/proxy-agent-6.3.1.tgz"
    integrity sha512-Rb5RVBy1iyqOtNl15Cw/llpeLH8bsb37gM1FUfKQ+Wck6xHlbAhWGUFiTRHtkjqGTA5pSHz6+0hrPW/oECihPQ==
    dependencies:
      agent-base "^7.0.2"
      debug "^4.3.4"
      http-proxy-agent "^7.0.0"
      https-proxy-agent "^7.0.2"
      lru-cache "^7.14.1"
      pac-proxy-agent "^7.0.1"
      proxy-from-env "^1.1.0"
      socks-proxy-agent "^8.0.2"
  
  proxy-from-env@^1.1.0:
    version "1.1.0"
    resolved "https://registry.npmjs.org/proxy-from-env/-/proxy-from-env-1.1.0.tgz"
    integrity sha512-D+zkORCbA9f1tdWRK0RaCR3GPv50cMxcrz4X8k5LTSUD1Dkw47mKJEZQNunItRTkWwgtaUSo1RVFRIG9ZXiFYg==
  
  pump@^3.0.0:
    version "3.0.0"
    resolved "https://registry.npmjs.org/pump/-/pump-3.0.0.tgz"
    integrity sha512-LwZy+p3SFs1Pytd/jYct4wpv49HiYCqd9Rlc5ZVdk0V+8Yzv6jR5Blk3TRmPL1ft69TxP0IMZGJ+WPFU2BFhww==
    dependencies:
      end-of-stream "^1.1.0"
      once "^1.3.1"
  
  puppeteer-core@21.11.0:
    version "21.11.0"
    resolved "https://registry.npmjs.org/puppeteer-core/-/puppeteer-core-21.11.0.tgz"
    integrity sha512-ArbnyA3U5SGHokEvkfWjW+O8hOxV1RSJxOgriX/3A4xZRqixt9ZFHD0yPgZQF05Qj0oAqi8H/7stDorjoHY90Q==
    dependencies:
      "@puppeteer/browsers" "1.9.1"
      chromium-bidi "0.5.8"
      cross-fetch "4.0.0"
      debug "4.3.4"
      devtools-protocol "0.0.1232444"
      ws "8.16.0"
  
  puppeteer@^21.10.0:
    version "21.11.0"
    resolved "https://registry.npmjs.org/puppeteer/-/puppeteer-21.11.0.tgz"
    integrity sha512-9jTHuYe22TD3sNxy0nEIzC7ZrlRnDgeX3xPkbS7PnbdwYjl2o/z/YuCrRBwezdKpbTDTJ4VqIggzNyeRcKq3cg==
    dependencies:
      "@puppeteer/browsers" "1.9.1"
      cosmiconfig "9.0.0"
      puppeteer-core "21.11.0"
  
  queue-tick@^1.0.1:
    version "1.0.1"
    resolved "https://registry.npmjs.org/queue-tick/-/queue-tick-1.0.1.tgz"
    integrity sha512-kJt5qhMxoszgU/62PLP1CJytzd2NKetjSRnyuj31fDd3Rlcz3fzlFdFLD1SItunPwyqEOkca6GbV612BWfaBag==
  
  readable-stream@^2.0.0, readable-stream@^2.0.2, readable-stream@^2.0.5, readable-stream@~2.3.6:
    version "2.3.8"
    resolved "https://registry.npmjs.org/readable-stream/-/readable-stream-2.3.8.tgz"
    integrity sha512-8p0AUk4XODgIewSi0l8Epjs+EVnWiK7NoDIEGU0HhE7+ZyY8D1IMY7odu5lRrFXGg71L15KG8QrPmum45RTtdA==
    dependencies:
      core-util-is "~1.0.0"
      inherits "~2.0.3"
      isarray "~1.0.0"
      process-nextick-args "~2.0.0"
      safe-buffer "~5.1.1"
      string_decoder "~1.1.1"
      util-deprecate "~1.0.1"
  
  readable-stream@^3.1.1, readable-stream@^3.4.0, readable-stream@^3.6.0:
    version "3.6.2"
    resolved "https://registry.npmjs.org/readable-stream/-/readable-stream-3.6.2.tgz"
    integrity sha512-9u/sniCrY3D5WdsERHzHE4G2YCXqoG5FTHUiCC4SIbr6XcLZBY05ya9EKjYek9O5xOAwjGq+1JdGBAS7Q9ScoA==
    dependencies:
      inherits "^2.0.3"
      string_decoder "^1.1.1"
      util-deprecate "^1.0.1"
  
  readdir-glob@^1.1.2:
    version "1.1.3"
    resolved "https://registry.npmjs.org/readdir-glob/-/readdir-glob-1.1.3.tgz"
    integrity sha512-v05I2k7xN8zXvPD9N+z/uhXPaj0sUFCe2rcWZIpBsqxfP7xXFQ0tipAd/wjj1YxWyWtUS5IDJpOG82JKt2EAVA==
    dependencies:
      minimatch "^5.1.0"
  
  readline-sync@^1.4.10:
    version "1.4.10"
    resolved "https://registry.npmjs.org/readline-sync/-/readline-sync-1.4.10.tgz"
    integrity sha512-gNva8/6UAe8QYepIQH/jQ2qn91Qj0B9sYjMBBs3QOB8F2CXcKgLxQaJRP76sWVRQt+QU+8fAkCbCvjjMFu7Ycw==
  
  require-directory@^2.1.1:
    version "2.1.1"
    resolved "https://registry.npmjs.org/require-directory/-/require-directory-2.1.1.tgz"
    integrity sha512-fGxEI7+wsG9xrvdjsrlmL22OMTTiHRwAMroiEeMgq8gzoLC/PQr7RsRDSTLUg/bZAZtF+TVIkHc6/4RIKrui+Q==
  
  resolve-from@^4.0.0:
    version "4.0.0"
    resolved "https://registry.npmjs.org/resolve-from/-/resolve-from-4.0.0.tgz"
    integrity sha512-pb/MYmXstAkysRFx8piNI1tGFNQIFA3vkE3Gq4EuA1dF6gHp/+vgZqsCGJapvy8N3Q+4o7FwvquPJcnZ7RYy4g==
  
  rimraf@2:
    version "2.7.1"
    resolved "https://registry.npmjs.org/rimraf/-/rimraf-2.7.1.tgz"
    integrity sha512-uWjbaKIK3T1OSVptzX7Nl6PvQ3qAGtKEtVRjRuazjfL3Bx5eI409VZSqgND+4UNnmzLVdPj9FqFJNPqBZFve4w==
    dependencies:
      glob "^7.1.3"
  
  rimraf@^3.0.0:
    version "3.0.2"
    resolved "https://registry.npmjs.org/rimraf/-/rimraf-3.0.2.tgz"
    integrity sha512-JZkJMZkAGFFPP2YqXZXPbMlMBgsxzE8ILs4lMIX/2o0L9UBw9O/Y3o6wFw/i9YLapcUJWwqbi3kdxIPdC62TIA==
    dependencies:
      glob "^7.1.3"
  
  safe-buffer@~5.1.0, safe-buffer@~5.1.1:
    version "5.1.2"
    resolved "https://registry.npmjs.org/safe-buffer/-/safe-buffer-5.1.2.tgz"
    integrity sha512-Gd2UZBJDkXlY7GbJxfsE8/nvKkUEU1G38c1siN6QP6a9PT9MmHB8GnpscSmMJSoF8LOIrt8ud/wPtojys4G6+g==
  
  safe-buffer@~5.2.0:
    version "5.2.1"
    resolved "https://registry.npmjs.org/safe-buffer/-/safe-buffer-5.2.1.tgz"
    integrity sha512-rp3So07KcdmmKbGvgaNxQSJr7bGVSVk5S9Eq1F+ppbRo70+YeaDxkw5Dd8NPN+GD6bjnYm2VuPuCXmpuYvmCXQ==
  
  sax@^1.1.3, sax@^1.2.4:
    version "1.3.0"
    resolved "https://registry.npmjs.org/sax/-/sax-1.3.0.tgz"
    integrity sha512-0s+oAmw9zLl1V1cS9BtZN7JAd0cW5e0QH4W3LWEK6a4LaLEA2OTpGYWDY+6XasBLtz6wkm3u1xRw95mRuJ59WA==
  
  saxes@^5.0.1:
    version "5.0.1"
    resolved "https://registry.npmjs.org/saxes/-/saxes-5.0.1.tgz"
    integrity sha512-5LBh1Tls8c9xgGjw3QrMwETmTMVk0oFgvrFSvWx62llR2hcEInrKNZ2GZCCuuy2lvWrdl5jhbpeqc5hRYKFOcw==
    dependencies:
      xmlchars "^2.2.0"
  
  setimmediate@^1.0.5, setimmediate@~1.0.4:
    version "1.0.5"
    resolved "https://registry.npmjs.org/setimmediate/-/setimmediate-1.0.5.tgz"
    integrity sha512-MATJdZp8sLqDl/68LfQmbP8zKPLQNV6BIZoIgrscFDQ+RsvK/BxeDQOgyxKKoh0y/8h3BqVFnCqQ/gd+reiIXA==
  
  shebang-command@^2.0.0:
    version "2.0.0"
    resolved "https://registry.npmjs.org/shebang-command/-/shebang-command-2.0.0.tgz"
    integrity sha512-kHxr2zZpYtdmrN1qDjrrX/Z1rR1kG8Dx+gkpK1G4eXmvXswmcE1hTWBWYUzlraYw1/yZp6YuDY77YtvbN0dmDA==
    dependencies:
      shebang-regex "^3.0.0"
  
  shebang-regex@^3.0.0:
    version "3.0.0"
    resolved "https://registry.npmjs.org/shebang-regex/-/shebang-regex-3.0.0.tgz"
    integrity sha512-7++dFhtcx3353uBaq8DDR4NuxBetBzC7ZQOhmTQInHEd6bSrXdiEyzCvG07Z44UYdLShWUyXt5M/yhz8ekcb1A==
  
  signal-exit@^4.0.1:
    version "4.1.0"
    resolved "https://registry.npmjs.org/signal-exit/-/signal-exit-4.1.0.tgz"
    integrity sha512-bzyZ1e88w9O1iNJbKnOlvYTrWPDl46O1bG0D3XInv+9tkPrxrN8jUUTiFlDkkmKWgn1M6CfIA13SuGqOa9Korw==
  
  smart-buffer@^4.2.0:
    version "4.2.0"
    resolved "https://registry.npmjs.org/smart-buffer/-/smart-buffer-4.2.0.tgz"
    integrity sha512-94hK0Hh8rPqQl2xXc3HsaBoOXKV20MToPkcXvwbISWLEs+64sBq5kFgn2kJDHb1Pry9yrP0dxrCI9RRci7RXKg==
  
  socks-proxy-agent@^8.0.2:
    version "8.0.2"
    resolved "https://registry.npmjs.org/socks-proxy-agent/-/socks-proxy-agent-8.0.2.tgz"
    integrity sha512-8zuqoLv1aP/66PHF5TqwJ7Czm3Yv32urJQHrVyhD7mmA6d61Zv8cIXQYPTWwmg6qlupnPvs/QKDmfa4P/qct2g==
    dependencies:
      agent-base "^7.0.2"
      debug "^4.3.4"
      socks "^2.7.1"
  
  socks@^2.7.1:
    version "2.8.1"
    resolved "https://registry.npmjs.org/socks/-/socks-2.8.1.tgz"
    integrity sha512-B6w7tkwNid7ToxjZ08rQMT8M9BJAf8DKx8Ft4NivzH0zBUfd6jldGcisJn/RLgxcX3FPNDdNQCUEMMT79b+oCQ==
    dependencies:
      ip-address "^9.0.5"
      smart-buffer "^4.2.0"
  
  source-map@~0.6.1:
    version "0.6.1"
    resolved "https://registry.npmjs.org/source-map/-/source-map-0.6.1.tgz"
    integrity sha512-UjgapumWlbMhkBgzT7Ykc5YXUT46F0iKu8SGXq0bcwP5dz/h0Plj6enJqjz1Zbq2l5WaqYnrVbwWOWMyF3F47g==
  
  sprintf-js@^1.1.3:
    version "1.1.3"
    resolved "https://registry.npmjs.org/sprintf-js/-/sprintf-js-1.1.3.tgz"
    integrity sha512-Oo+0REFV59/rz3gfJNKQiBlwfHaSESl1pcGyABQsnnIfWOFt6JNj5gCog2U6MLZ//IGYD+nA8nI+mTShREReaA==
  
  ssf@~0.11.2:
    version "0.11.2"
    resolved "https://registry.npmjs.org/ssf/-/ssf-0.11.2.tgz"
    integrity sha512-+idbmIXoYET47hH+d7dfm2epdOMUDjqcB4648sTZ+t2JwoyBFL/insLfB/racrDmsKB3diwsDA696pZMieAC5g==
    dependencies:
      frac "~1.1.2"
  
  streamx@^2.15.0:
    version "2.16.1"
    resolved "https://registry.npmjs.org/streamx/-/streamx-2.16.1.tgz"
    integrity sha512-m9QYj6WygWyWa3H1YY69amr4nVgy61xfjys7xO7kviL5rfIEc2naf+ewFiOA+aEJD7y0JO3h2GoiUv4TDwEGzQ==
    dependencies:
      fast-fifo "^1.1.0"
      queue-tick "^1.0.1"
    optionalDependencies:
      bare-events "^2.2.0"
  
  "string-width-cjs@npm:string-width@^4.2.0", string-width@^4.1.0, string-width@^4.2.0, string-width@^4.2.3:
    version "4.2.3"
    resolved "https://registry.npmjs.org/string-width/-/string-width-4.2.3.tgz"
    integrity sha512-wKyQRQpjJ0sIp62ErSZdGsjMJWsap5oRNihHhu6G7JVO/9jIB6UyevL+tXuOqrng8j/cxKTWyWUwvSTriiZz/g==
    dependencies:
      emoji-regex "^8.0.0"
      is-fullwidth-code-point "^3.0.0"
      strip-ansi "^6.0.1"
  
  string-width@^5.0.1, string-width@^5.1.2:
    version "5.1.2"
    resolved "https://registry.npmjs.org/string-width/-/string-width-5.1.2.tgz"
    integrity sha512-HnLOCR3vjcY8beoNLtcjZ5/nxn2afmME6lhrDrebokqMap+XbeW8n9TXpPDOqdGK5qcI3oT0GKTW6wC7EMiVqA==
    dependencies:
      eastasianwidth "^0.2.0"
      emoji-regex "^9.2.2"
      strip-ansi "^7.0.1"
  
  string_decoder@^1.1.1:
    version "1.3.0"
    resolved "https://registry.npmjs.org/string_decoder/-/string_decoder-1.3.0.tgz"
    integrity sha512-hkRX8U1WjJFd8LsDJ2yQ/wWWxaopEsABU1XfkM8A+j0+85JAGppt16cr1Whg6KIbb4okU6Mql6BOj+uup/wKeA==
    dependencies:
      safe-buffer "~5.2.0"
  
  string_decoder@~1.1.1:
    version "1.1.1"
    resolved "https://registry.npmjs.org/string_decoder/-/string_decoder-1.1.1.tgz"
    integrity sha512-n/ShnvDi6FHbbVfviro+WojiFzv+s8MPMHBczVePfUpDJLwoLT0ht1l4YwBCbi8pJAveEEdnkHyPyTP/mzRfwg==
    dependencies:
      safe-buffer "~5.1.0"
  
  "strip-ansi-cjs@npm:strip-ansi@^6.0.1", strip-ansi@^6.0.0, strip-ansi@^6.0.1:
    version "6.0.1"
    resolved "https://registry.npmjs.org/strip-ansi/-/strip-ansi-6.0.1.tgz"
    integrity sha512-Y38VPSHcqkFrCpFnQ9vuSXmquuv5oXOKpGeT6aGrr3o3Gc9AlVa6JBfUSOCnbxGGZF+/0ooI7KrPuUSztUdU5A==
    dependencies:
      ansi-regex "^5.0.1"
  
  strip-ansi@^7.0.1:
    version "7.1.0"
    resolved "https://registry.npmjs.org/strip-ansi/-/strip-ansi-7.1.0.tgz"
    integrity sha512-iq6eVVI64nQQTRYq2KtEg2d2uU7LElhTJwsH4YzIHZshxlgZms/wIc4VoDQTlG/IvVIrBKG06CrZnp0qv7hkcQ==
    dependencies:
      ansi-regex "^6.0.1"
  
  supports-color@^5.3.0:
    version "5.5.0"
    resolved "https://registry.npmjs.org/supports-color/-/supports-color-5.5.0.tgz"
    integrity sha512-QjVjwdXIt408MIiAqCX4oUKsgU2EqAGzs2Ppkm4aQYbjm+ZEWEcW4SfFNTr4uMNZma0ey4f5lgLrkB0aX0QMow==
    dependencies:
      has-flag "^3.0.0"
  
  tar-fs@3.0.4:
    version "3.0.4"
    resolved "https://registry.npmjs.org/tar-fs/-/tar-fs-3.0.4.tgz"
    integrity sha512-5AFQU8b9qLfZCX9zp2duONhPmZv0hGYiBPJsyUdqMjzq/mqVpy/rEUSeHk1+YitmxugaptgBh5oDGU3VsAJq4w==
    dependencies:
      mkdirp-classic "^0.5.2"
      pump "^3.0.0"
      tar-stream "^3.1.5"
  
  tar-stream@^2.2.0:
    version "2.2.0"
    resolved "https://registry.npmjs.org/tar-stream/-/tar-stream-2.2.0.tgz"
    integrity sha512-ujeqbceABgwMZxEJnk2HDY2DlnUZ+9oEcb1KzTVfYHio0UE6dG71n60d8D2I4qNvleWrrXpmjpt7vZeF1LnMZQ==
    dependencies:
      bl "^4.0.3"
      end-of-stream "^1.4.1"
      fs-constants "^1.0.0"
      inherits "^2.0.3"
      readable-stream "^3.1.1"
  
  tar-stream@^3.1.5:
    version "3.1.7"
    resolved "https://registry.npmjs.org/tar-stream/-/tar-stream-3.1.7.tgz"
    integrity sha512-qJj60CXt7IU1Ffyc3NJMjh6EkuCFej46zUqJ4J7pqYlThyd9bO0XBTmcOIhSzZJVWfsLks0+nle/j538YAW9RQ==
    dependencies:
      b4a "^1.6.4"
      fast-fifo "^1.2.0"
      streamx "^2.15.0"
  
  through@^2.3.8:
    version "2.3.8"
    resolved "https://registry.npmjs.org/through/-/through-2.3.8.tgz"
    integrity sha512-w89qg7PI8wAdvX60bMDP+bFoD5Dvhm9oLheFp5O4a2QF0cSBGsBX4qZmadPMvVqlLJBBci+WqGGOAPvcDeNSVg==
  
  tmp@^0.2.0:
    version "0.2.1"
    resolved "https://registry.npmjs.org/tmp/-/tmp-0.2.1.tgz"
    integrity sha512-76SUhtfqR2Ijn+xllcI5P1oyannHNHByD80W1q447gU3mp9G9PSpGdWmjUOHRDPiHYacIk66W7ubDTuPF3BEtQ==
    dependencies:
      rimraf "^3.0.0"
  
  tr46@~0.0.3:
    version "0.0.3"
    resolved "https://registry.npmjs.org/tr46/-/tr46-0.0.3.tgz"
    integrity sha512-N3WMsuqV66lT30CrXNbEjx4GEwlow3v6rr4mCcv6prnfwhS01rkgyFdjPNBYd9br7LpXV1+Emh01fHnq2Gdgrw==
  
  "traverse@>=0.3.0 <0.4":
    version "0.3.9"
    resolved "https://registry.npmjs.org/traverse/-/traverse-0.3.9.tgz"
    integrity sha512-iawgk0hLP3SxGKDfnDJf8wTz4p2qImnyihM5Hh/sGvQ3K37dPi/w8sRhdNIxYA1TwFwc5mDhIJq+O0RsvXBKdQ==
  
  tslib@^2.0.1:
    version "2.6.2"
    resolved "https://registry.npmjs.org/tslib/-/tslib-2.6.2.tgz"
    integrity sha512-AEYxH93jGFPn/a2iVAwW87VuUIkR1FVUKB77NwMF7nBTDkDrrT/Hpt/IrCJ0QXhW27jTBDcf5ZY7w6RiqTMw2Q==
  
  unbzip2-stream@1.4.3:
    version "1.4.3"
    resolved "https://registry.npmjs.org/unbzip2-stream/-/unbzip2-stream-1.4.3.tgz"
    integrity sha512-mlExGW4w71ebDJviH16lQLtZS32VKqsSfk80GCfUlwT/4/hNRFsoscrF/c++9xinkMzECL1uL9DDwXqFWkruPg==
    dependencies:
      buffer "^5.2.1"
      through "^2.3.8"
  
  universalify@^2.0.0:
    version "2.0.1"
    resolved "https://registry.npmjs.org/universalify/-/universalify-2.0.1.tgz"
    integrity sha512-gptHNQghINnc/vTGIk0SOFGFNXw7JVrlRUtConJRlvaw6DuX0wO5Jeko9sWrMBhh+PsYAZ7oXAiOnf/UKogyiw==
  
  unzipper@^0.10.11:
    version "0.10.14"
    resolved "https://registry.npmjs.org/unzipper/-/unzipper-0.10.14.tgz"
    integrity sha512-ti4wZj+0bQTiX2KmKWuwj7lhV+2n//uXEotUmGuQqrbVZSEGFMbI68+c6JCQ8aAmUWYvtHEz2A8K6wXvueR/6g==
    dependencies:
      big-integer "^1.6.17"
      binary "~0.3.0"
      bluebird "~3.4.1"
      buffer-indexof-polyfill "~1.0.0"
      duplexer2 "~0.1.4"
      fstream "^1.0.12"
      graceful-fs "^4.2.2"
      listenercount "~1.0.1"
      readable-stream "~2.3.6"
      setimmediate "~1.0.4"
  
  urlpattern-polyfill@10.0.0:
    version "10.0.0"
    resolved "https://registry.npmjs.org/urlpattern-polyfill/-/urlpattern-polyfill-10.0.0.tgz"
    integrity sha512-H/A06tKD7sS1O1X2SshBVeA5FLycRpjqiBeqGKmBwBDBy28EnRjORxTNe269KSSr5un5qyWi1iL61wLxpd+ZOg==
  
  util-deprecate@^1.0.1, util-deprecate@~1.0.1:
    version "1.0.2"
    resolved "https://registry.npmjs.org/util-deprecate/-/util-deprecate-1.0.2.tgz"
    integrity sha512-EPD5q1uXyFxJpCrLnCc1nHnq3gOa6DZBocAIiI2TaSCA7VCJ1UJDMagCzIkXNsUYfD1daK//LTEQ8xiIbrHtcw==
  
  util@^0.10.3:
    version "0.10.4"
    resolved "https://registry.npmjs.org/util/-/util-0.10.4.tgz"
    integrity sha512-0Pm9hTQ3se5ll1XihRic3FDIku70C+iHUdT/W926rSgHV5QgXsYbKZN8MSC3tJtSkhuROzvsQjAaFENRXr+19A==
    dependencies:
      inherits "2.0.3"
  
  uuid@^8.3.0:
    version "8.3.2"
    resolved "https://registry.npmjs.org/uuid/-/uuid-8.3.2.tgz"
    integrity sha512-+NYs2QeMWy+GWFOEm9xnn6HCDp0l7QBD7ml8zLUmJ+93Q5NF0NocErnwkTkXVFNiX3/fpC6afS8Dhb/gz7R7eg==
  
  webidl-conversions@^3.0.0:
    version "3.0.1"
    resolved "https://registry.npmjs.org/webidl-conversions/-/webidl-conversions-3.0.1.tgz"
    integrity sha512-2JAn3z8AR6rjK8Sm8orRC0h/bcl/DqL7tRPdGZ4I1CjdF+EaMLmYxBHyXuKL849eucPFhvBoxMsflfOb8kxaeQ==
  
  whatwg-url@^5.0.0:
    version "5.0.0"
    resolved "https://registry.npmjs.org/whatwg-url/-/whatwg-url-5.0.0.tgz"
    integrity sha512-saE57nupxk6v3HY35+jzBwYa0rKSy0XR8JSxZPwgLr7ys0IBzhGviA1/TUGJLmSVqs8pb9AnvICXEuOHLprYTw==
    dependencies:
      tr46 "~0.0.3"
      webidl-conversions "^3.0.0"
  
  which@^2.0.1:
    version "2.0.2"
    resolved "https://registry.npmjs.org/which/-/which-2.0.2.tgz"
    integrity sha512-BLI3Tl1TW3Pvl70l3yq3Y64i+awpwXqsGBYWkkqMtnbXgrMD+yj7rhW0kuEDxzJaYXGjEW5ogapKNMEKNMjibA==
    dependencies:
      isexe "^2.0.0"
  
  wmf@~1.0.1:
    version "1.0.2"
    resolved "https://registry.npmjs.org/wmf/-/wmf-1.0.2.tgz"
    integrity sha512-/p9K7bEh0Dj6WbXg4JG0xvLQmIadrner1bi45VMJTfnbVHsc7yIajZyoSoK60/dtVBs12Fm6WkUI5/3WAVsNMw==
  
  word@~0.3.0:
    version "0.3.0"
    resolved "https://registry.npmjs.org/word/-/word-0.3.0.tgz"
    integrity sha512-OELeY0Q61OXpdUfTp+oweA/vtLVg5VDOXh+3he3PNzLGG/y0oylSOC1xRVj0+l4vQ3tj/bB1HVHv1ocXkQceFA==
  
  "wrap-ansi-cjs@npm:wrap-ansi@^7.0.0", wrap-ansi@^7.0.0:
    version "7.0.0"
    resolved "https://registry.npmjs.org/wrap-ansi/-/wrap-ansi-7.0.0.tgz"
    integrity sha512-YVGIj2kamLSTxw6NsZjoBxfSwsn0ycdesmc4p+Q21c5zPuZ1pl+NfxVdxPtdHvmNVOQ6XSYG4AUtyt/Fi7D16Q==
    dependencies:
      ansi-styles "^4.0.0"
      string-width "^4.1.0"
      strip-ansi "^6.0.0"
  
  wrap-ansi@^8.1.0:
    version "8.1.0"
    resolved "https://registry.npmjs.org/wrap-ansi/-/wrap-ansi-8.1.0.tgz"
    integrity sha512-si7QWI6zUMq56bESFvagtmzMdGOtoxfR+Sez11Mobfc7tm+VkUckk9bW2UeffTGVUbOksxmSw0AA2gs8g71NCQ==
    dependencies:
      ansi-styles "^6.1.0"
      string-width "^5.0.1"
      strip-ansi "^7.0.1"
  
  wrappy@1:
    version "1.0.2"
    resolved "https://registry.npmjs.org/wrappy/-/wrappy-1.0.2.tgz"
    integrity sha512-l4Sp/DRseor9wL6EvV2+TuQn63dMkPjZ/sp9XkghTEbV9KlPS1xUsZ3u7/IQO4wxtcFB4bgpQPRcR3QCvezPcQ==
  
  ws@8.16.0:
    version "8.16.0"
    resolved "https://registry.npmjs.org/ws/-/ws-8.16.0.tgz"
    integrity sha512-HS0c//TP7Ina87TfiPUz1rQzMhHrl/SG2guqRcTOIUYD2q8uhUdNHZYJUaQ8aTGPzCh+c6oawMKW35nFl1dxyQ==
  
  xlsx@^0.18.5:
    version "0.18.5"
    resolved "https://registry.npmjs.org/xlsx/-/xlsx-0.18.5.tgz"
    integrity sha512-dmg3LCjBPHZnQp5/F/+nnTa+miPJxUXB6vtk42YjBBKayDNagxGEeIdWApkYPOf3Z3pm3k62Knjzp7lMeTEtFQ==
    dependencies:
      adler-32 "~1.3.0"
      cfb "~1.2.1"
      codepage "~1.15.0"
      crc-32 "~1.2.1"
      ssf "~0.11.2"
      wmf "~1.0.1"
      word "~0.3.0"
  
  xmlchars@^2.2.0:
    version "2.2.0"
    resolved "https://registry.npmjs.org/xmlchars/-/xmlchars-2.2.0.tgz"
    integrity sha512-JZnDKK8B0RCDw84FNdDAIpZK+JuJw+s7Lz8nksI7SIuU3UXJJslUthsi+uWBUYOwPFwW7W7PRLRfUKpxjtjFCw==
  
  y18n@^5.0.5:
    version "5.0.8"
    resolved "https://registry.npmjs.org/y18n/-/y18n-5.0.8.tgz"
    integrity sha512-0pfFzegeDWJHJIAmTLRP2DwHjdF5s7jo9tuztdQxAhINCdvS+3nGINqPd00AphqJR/0LhANUS6/+7SCb98YOfA==
  
  yargs-parser@^21.1.1:
    version "21.1.1"
    resolved "https://registry.npmjs.org/yargs-parser/-/yargs-parser-21.1.1.tgz"
    integrity sha512-tVpsJW7DdjecAiFpbIB1e3qxIQsE6NoPc5/eTdrbbIC4h0LVsWhnoa3g+m2HclBIujHzsxZ4VJVA+GUuc2/LBw==
  
  yargs@17.7.2:
    version "17.7.2"
    resolved "https://registry.npmjs.org/yargs/-/yargs-17.7.2.tgz"
    integrity sha512-7dSzzRQ++CKnNI/krKnYRV7JKKPUXMEh61soaHKg9mrWEhzFWhFnxPxGl+69cD1Ou63C13NUPCnmIcrvqCuM6w==
    dependencies:
      cliui "^8.0.1"
      escalade "^3.1.1"
      get-caller-file "^2.0.5"
      require-directory "^2.1.1"
      string-width "^4.2.3"
      y18n "^5.0.5"
      yargs-parser "^21.1.1"
  
  yauzl@^2.10.0:
    version "2.10.0"
    resolved "https://registry.npmjs.org/yauzl/-/yauzl-2.10.0.tgz"
    integrity sha512-p4a9I6X6nu6IhoGmBqAcbJy1mlC4j27vEPZX9F4L4/vZT3Lyq1VkFHw/V/PUcB9Buo+DG3iHkT0x3Qya58zc3g==
    dependencies:
      buffer-crc32 "~0.2.3"
      fd-slicer "~1.1.0"
  
  ytdl-core@^4.11.5:
    version "4.11.5"
    resolved "https://registry.npmjs.org/ytdl-core/-/ytdl-core-4.11.5.tgz"
    integrity sha512-27LwsW4n4nyNviRCO1hmr8Wr5J1wLLMawHCQvH8Fk0hiRqrxuIu028WzbJetiYH28K8XDbeinYW4/wcHQD1EXA==
    dependencies:
      m3u8stream "^0.8.6"
      miniget "^4.2.2"
      sax "^1.1.3"
  
  zip-stream@^4.1.0:
    version "4.1.1"
    resolved "https://registry.npmjs.org/zip-stream/-/zip-stream-4.1.1.tgz"
    integrity sha512-9qv4rlDiopXg4E69k+vMHjNN63YFMe9sZMrdlvKnCjlCRWeCBswPPMPUfx+ipsAWq1LXHe70RcbaHdJJpS6hyQ==
    dependencies:
      archiver-utils "^3.0.4"
      compress-commons "^4.1.2"
      readable-stream "^3.6.0"
